[0.016s] Invoking command in '/root/robot_demo/src/robot_demo/build/rplidar_ros': CMAKE_PREFIX_PATH=${CMAKE_PREFIX_PATH}:/opt/ros/foxy /usr/bin/cmake --build /root/robot_demo/src/robot_demo/build/rplidar_ros -- -j16 -l16
[0.041s] -- Found ament_cmake: 0.9.12 (/opt/ros/foxy/share/ament_cmake/cmake)
[0.060s] -- Using PYTHON_EXECUTABLE: /usr/bin/python3
[0.210s] -- Found rclcpp: 2.4.3 (/opt/ros/foxy/share/rclcpp/cmake)
[0.358s] -- Using all available rosidl_typesupport_c: rosidl_typesupport_fastrtps_c;rosidl_typesupport_introspection_c
[0.361s] -- Found rosidl_adapter: 1.3.1 (/opt/ros/foxy/share/rosidl_adapter/cmake)
[3.895s] -- Using all available rosidl_typesupport_cpp: rosidl_typesupport_fastrtps_cpp;rosidl_typesupport_introspection_cpp
[3.939s] -- Found rmw_implementation_cmake: 1.0.4 (/opt/ros/foxy/share/rmw_implementation_cmake/cmake)
[3.941s] -- Using RMW implementation 'rmw_fastrtps_cpp' as default
[4.069s] -- Found sensor_msgs: 2.0.5 (/opt/ros/foxy/share/sensor_msgs/cmake)
[4.170s] -- Found std_srvs: 2.0.5 (/opt/ros/foxy/share/std_srvs/cmake)
[4.235s] -- Configuring done
[4.256s] -- Generating done
[4.264s] -- Build files have been written to: /root/robot_demo/src/robot_demo/build/rplidar_ros
[4.312s] [  7%] [32mBuilding CXX object CMakeFiles/rplidar_composition.dir/sdk/src/arch/linux/net_serial.cpp.o[0m
[4.313s] [  7%] [32mBuilding CXX object CMakeFiles/rplidar_composition.dir/src/rplidar_node.cpp.o[0m
[4.313s] [ 18%] [32mBuilding CXX object CMakeFiles/rplidar_node.dir/src/rplidar_node.cpp.o[0m
[4.313s] [ 18%] [32mBuilding CXX object CMakeFiles/rplidar_node.dir/sdk/src/arch/linux/net_serial.cpp.o[0m
[4.313s] [ 18%] [32mBuilding CXX object CMakeFiles/rplidar_node.dir/sdk/src/arch/linux/net_socket.cpp.o[0m
[4.314s] [ 18%] [32mBuilding CXX object CMakeFiles/rplidar_node.dir/sdk/src/arch/linux/timer.cpp.o[0m
[4.314s] [ 21%] [32mBuilding CXX object CMakeFiles/rplidar_client.dir/src/rplidar_client.cpp.o[0m
[4.314s] [ 23%] [32mBuilding CXX object CMakeFiles/rplidar_composition.dir/sdk/src/arch/linux/net_socket.cpp.o[0m
[4.314s] [ 23%] [32mBuilding CXX object CMakeFiles/rplidar_composition.dir/sdk/src/dataunpacker/dataunpacker.cpp.o[0m
[4.315s] [ 31%] [32mBuilding CXX object CMakeFiles/rplidar_composition.dir/sdk/src/dataunpacker/unpacker/handler_hqnode.cpp.o[0m
[4.315s] [ 31%] [32mBuilding CXX object CMakeFiles/rplidar_node.dir/sdk/src/dataunpacker/unpacker/handler_hqnode.cpp.o[0m
[4.316s] [ 34%] [32mBuilding CXX object CMakeFiles/rplidar_composition.dir/sdk/src/dataunpacker/unpacker/handler_capsules.cpp.o[0m
[4.316s] [ 36%] [32mBuilding CXX object CMakeFiles/rplidar_node.dir/sdk/src/dataunpacker/unpacker/handler_capsules.cpp.o[0m
[4.317s] [ 36%] [32mBuilding CXX object CMakeFiles/rplidar_node.dir/sdk/src/dataunpacker/dataunpacker.cpp.o[0m
[4.317s] [ 39%] [32mBuilding CXX object CMakeFiles/rplidar_composition.dir/sdk/src/arch/linux/timer.cpp.o[0m
[4.317s] [ 42%] [32mBuilding CXX object CMakeFiles/rplidar_composition.dir/sdk/src/dataunpacker/unpacker/handler_normalnode.cpp.o[0m
[4.816s] [ 44%] [32mBuilding CXX object CMakeFiles/rplidar_node.dir/sdk/src/dataunpacker/unpacker/handler_normalnode.cpp.o[0m
[4.824s] [ 47%] [32mBuilding CXX object CMakeFiles/rplidar_composition.dir/sdk/src/hal/thread.cpp.o[0m
[4.908s] [ 50%] [32mBuilding CXX object CMakeFiles/rplidar_node.dir/sdk/src/hal/thread.cpp.o[0m
[4.919s] [ 52%] [32mBuilding CXX object CMakeFiles/rplidar_composition.dir/sdk/src/rplidar_driver.cpp.o[0m
[5.140s] [ 55%] [32mBuilding CXX object CMakeFiles/rplidar_composition.dir/sdk/src/sl_async_transceiver.cpp.o[0m
[5.171s] [ 57%] [32mBuilding CXX object CMakeFiles/rplidar_node.dir/sdk/src/rplidar_driver.cpp.o[0m
[5.184s] [ 60%] [32mBuilding CXX object CMakeFiles/rplidar_node.dir/sdk/src/sl_async_transceiver.cpp.o[0m
[5.193s] [ 63%] [32mBuilding CXX object CMakeFiles/rplidar_composition.dir/sdk/src/sl_crc.cpp.o[0m
[5.200s] [ 65%] [32mBuilding CXX object CMakeFiles/rplidar_composition.dir/sdk/src/sl_lidar_driver.cpp.o[0m
[5.248s] [ 68%] [32mBuilding CXX object CMakeFiles/rplidar_composition.dir/sdk/src/sl_lidarprotocol_codec.cpp.o[0m
[5.269s] [ 71%] [32mBuilding CXX object CMakeFiles/rplidar_node.dir/sdk/src/sl_crc.cpp.o[0m
[5.270s] [ 73%] [32mBuilding CXX object CMakeFiles/rplidar_composition.dir/sdk/src/sl_serial_channel.cpp.o[0m
[5.328s] [ 76%] [32mBuilding CXX object CMakeFiles/rplidar_node.dir/sdk/src/sl_lidar_driver.cpp.o[0m
[5.380s] [ 78%] [32mBuilding CXX object CMakeFiles/rplidar_node.dir/sdk/src/sl_lidarprotocol_codec.cpp.o[0m
[5.435s] [ 81%] [32mBuilding CXX object CMakeFiles/rplidar_composition.dir/sdk/src/sl_tcp_channel.cpp.o[0m
[5.482s] [ 84%] [32mBuilding CXX object CMakeFiles/rplidar_composition.dir/sdk/src/sl_udp_channel.cpp.o[0m
[5.539s] [ 86%] [32mBuilding CXX object CMakeFiles/rplidar_node.dir/sdk/src/sl_serial_channel.cpp.o[0m
[5.657s] [ 89%] [32mBuilding CXX object CMakeFiles/rplidar_node.dir/sdk/src/sl_tcp_channel.cpp.o[0m
[5.741s] [ 92%] [32mBuilding CXX object CMakeFiles/rplidar_node.dir/sdk/src/sl_udp_channel.cpp.o[0m
[8.840s] [ 94%] [32m[1mLinking CXX executable rplidar_node[0m
[8.900s] [ 97%] [32m[1mLinking CXX executable rplidar_composition[0m
[9.192s] [ 97%] Built target rplidar_node
[9.231s] [ 97%] Built target rplidar_composition
[10.033s] [100%] [32m[1mLinking CXX executable rplidar_client[0m
[10.333s] [100%] Built target rplidar_client
[10.347s] Invoked command in '/root/robot_demo/src/robot_demo/build/rplidar_ros' returned '0': CMAKE_PREFIX_PATH=${CMAKE_PREFIX_PATH}:/opt/ros/foxy /usr/bin/cmake --build /root/robot_demo/src/robot_demo/build/rplidar_ros -- -j16 -l16
[10.362s] Invoking command in '/root/robot_demo/src/robot_demo/build/rplidar_ros': CMAKE_PREFIX_PATH=${CMAKE_PREFIX_PATH}:/opt/ros/foxy /usr/bin/cmake --install /root/robot_demo/src/robot_demo/build/rplidar_ros
[10.371s] -- Install configuration: ""
[10.371s] -- Up-to-date: /root/robot_demo/src/robot_demo/install/rplidar_ros/share/rplidar_ros/launch
[10.371s] -- Up-to-date: /root/robot_demo/src/robot_demo/install/rplidar_ros/share/rplidar_ros/launch/rplidar_a3_launch.py
[10.371s] -- Up-to-date: /root/robot_demo/src/robot_demo/install/rplidar_ros/share/rplidar_ros/launch/view_rplidar_a2m12_launch.py
[10.371s] -- Up-to-date: /root/robot_demo/src/robot_demo/install/rplidar_ros/share/rplidar_ros/launch/view_rplidar_s2e_launch.py
[10.371s] -- Up-to-date: /root/robot_demo/src/robot_demo/install/rplidar_ros/share/rplidar_ros/launch/view_rplidar_t1_launch.py
[10.372s] -- Up-to-date: /root/robot_demo/src/robot_demo/install/rplidar_ros/share/rplidar_ros/launch/view_rplidar_a2m7_launch.py
[10.372s] -- Up-to-date: /root/robot_demo/src/robot_demo/install/rplidar_ros/share/rplidar_ros/launch/view_rplidar_c1_launch.py
[10.372s] -- Up-to-date: /root/robot_demo/src/robot_demo/install/rplidar_ros/share/rplidar_ros/launch/view_rplidar_s3_launch.py
[10.372s] -- Up-to-date: /root/robot_demo/src/robot_demo/install/rplidar_ros/share/rplidar_ros/launch/rplidar_s1_launch.py
[10.372s] -- Up-to-date: /root/robot_demo/src/robot_demo/install/rplidar_ros/share/rplidar_ros/launch/view_rplidar_s2_launch.py
[10.373s] -- Up-to-date: /root/robot_demo/src/robot_demo/install/rplidar_ros/share/rplidar_ros/launch/view_rplidar_s1_launch.py
[10.373s] -- Up-to-date: /root/robot_demo/src/robot_demo/install/rplidar_ros/share/rplidar_ros/launch/rplidar_t1_launch.py
[10.373s] -- Up-to-date: /root/robot_demo/src/robot_demo/install/rplidar_ros/share/rplidar_ros/launch/rplidar_s2_launch.py
[10.373s] -- Up-to-date: /root/robot_demo/src/robot_demo/install/rplidar_ros/share/rplidar_ros/launch/view_rplidar_a1_launch.py
[10.373s] -- Up-to-date: /root/robot_demo/src/robot_demo/install/rplidar_ros/share/rplidar_ros/launch/rplidar_a2m8_launch.py
[10.373s] -- Up-to-date: /root/robot_demo/src/robot_demo/install/rplidar_ros/share/rplidar_ros/launch/view_rplidar_s1_tcp_launch.py
[10.373s] -- Up-to-date: /root/robot_demo/src/robot_demo/install/rplidar_ros/share/rplidar_ros/launch/view_rplidar_a3_launch.py
[10.373s] -- Up-to-date: /root/robot_demo/src/robot_demo/install/rplidar_ros/share/rplidar_ros/launch/rplidar_s1_tcp_launch.py
[10.373s] -- Up-to-date: /root/robot_demo/src/robot_demo/install/rplidar_ros/share/rplidar_ros/launch/rplidar_a2m7_launch.py
[10.373s] -- Up-to-date: /root/robot_demo/src/robot_demo/install/rplidar_ros/share/rplidar_ros/launch/rplidar_a2m12_launch.py
[10.373s] -- Up-to-date: /root/robot_demo/src/robot_demo/install/rplidar_ros/share/rplidar_ros/launch/rplidar_c1_launch.py
[10.374s] -- Up-to-date: /root/robot_demo/src/robot_demo/install/rplidar_ros/share/rplidar_ros/launch/rplidar_s3_launch.py
[10.374s] -- Up-to-date: /root/robot_demo/src/robot_demo/install/rplidar_ros/share/rplidar_ros/launch/rplidar_a1_launch.py
[10.374s] -- Up-to-date: /root/robot_demo/src/robot_demo/install/rplidar_ros/share/rplidar_ros/launch/rplidar_s2e_launch.py
[10.374s] -- Up-to-date: /root/robot_demo/src/robot_demo/install/rplidar_ros/share/rplidar_ros/launch/view_rplidar_a2m8_launch.py
[10.374s] -- Up-to-date: /root/robot_demo/src/robot_demo/install/rplidar_ros/share/rplidar_ros/rviz
[10.374s] -- Up-to-date: /root/robot_demo/src/robot_demo/install/rplidar_ros/share/rplidar_ros/rviz/rplidar_ros.rviz
[10.374s] -- Installing: /root/robot_demo/src/robot_demo/install/rplidar_ros/lib/rplidar_ros/rplidar_node
[10.374s] -- Set runtime path of "/root/robot_demo/src/robot_demo/install/rplidar_ros/lib/rplidar_ros/rplidar_node" to ""
[10.374s] -- Installing: /root/robot_demo/src/robot_demo/install/rplidar_ros/lib/rplidar_ros/rplidar_composition
[10.374s] -- Set runtime path of "/root/robot_demo/src/robot_demo/install/rplidar_ros/lib/rplidar_ros/rplidar_composition" to ""
[10.375s] -- Installing: /root/robot_demo/src/robot_demo/install/rplidar_ros/lib/rplidar_ros/rplidar_client
[10.378s] -- Set runtime path of "/root/robot_demo/src/robot_demo/install/rplidar_ros/lib/rplidar_ros/rplidar_client" to ""
[10.378s] -- Up-to-date: /root/robot_demo/src/robot_demo/install/rplidar_ros/share/ament_index/resource_index/package_run_dependencies/rplidar_ros
[10.378s] -- Up-to-date: /root/robot_demo/src/robot_demo/install/rplidar_ros/share/ament_index/resource_index/parent_prefix_path/rplidar_ros
[10.379s] -- Up-to-date: /root/robot_demo/src/robot_demo/install/rplidar_ros/share/rplidar_ros/environment/ament_prefix_path.sh
[10.379s] -- Installing: /root/robot_demo/src/robot_demo/install/rplidar_ros/share/rplidar_ros/environment/ament_prefix_path.dsv
[10.379s] -- Up-to-date: /root/robot_demo/src/robot_demo/install/rplidar_ros/share/rplidar_ros/environment/path.sh
[10.379s] -- Installing: /root/robot_demo/src/robot_demo/install/rplidar_ros/share/rplidar_ros/environment/path.dsv
[10.379s] -- Up-to-date: /root/robot_demo/src/robot_demo/install/rplidar_ros/share/rplidar_ros/local_setup.bash
[10.379s] -- Up-to-date: /root/robot_demo/src/robot_demo/install/rplidar_ros/share/rplidar_ros/local_setup.sh
[10.379s] -- Up-to-date: /root/robot_demo/src/robot_demo/install/rplidar_ros/share/rplidar_ros/local_setup.zsh
[10.379s] -- Installing: /root/robot_demo/src/robot_demo/install/rplidar_ros/share/rplidar_ros/local_setup.dsv
[10.380s] -- Installing: /root/robot_demo/src/robot_demo/install/rplidar_ros/share/rplidar_ros/package.dsv
[10.380s] -- Up-to-date: /root/robot_demo/src/robot_demo/install/rplidar_ros/share/ament_index/resource_index/packages/rplidar_ros
[10.380s] -- Up-to-date: /root/robot_demo/src/robot_demo/install/rplidar_ros/share/rplidar_ros/cmake/ament_cmake_export_dependencies-extras.cmake
[10.380s] -- Up-to-date: /root/robot_demo/src/robot_demo/install/rplidar_ros/share/rplidar_ros/cmake/ament_cmake_export_include_directories-extras.cmake
[10.380s] -- Up-to-date: /root/robot_demo/src/robot_demo/install/rplidar_ros/share/rplidar_ros/cmake/rplidar_rosConfig.cmake
[10.380s] -- Up-to-date: /root/robot_demo/src/robot_demo/install/rplidar_ros/share/rplidar_ros/cmake/rplidar_rosConfig-version.cmake
[10.380s] -- Up-to-date: /root/robot_demo/src/robot_demo/install/rplidar_ros/share/rplidar_ros/package.xml
[10.382s] Invoked command in '/root/robot_demo/src/robot_demo/build/rplidar_ros' returned '0': CMAKE_PREFIX_PATH=${CMAKE_PREFIX_PATH}:/opt/ros/foxy /usr/bin/cmake --install /root/robot_demo/src/robot_demo/build/rplidar_ros
