[0.052s] Invoking command in '/root/robot_demo/src/robot_demo/build/rplidar_ros': /usr/bin/cmake /root/robot_demo/src/robot_demo/rplidar_ros -DCMAKE_INSTALL_PREFIX=/root/robot_demo/src/robot_demo/install/rplidar_ros
[0.313s] -- The C compiler identification is GNU 9.4.0
[0.597s] -- The CXX compiler identification is GNU 9.4.0
[0.707s] -- Check for working C compiler: /usr/bin/cc
[0.855s] -- Check for working C compiler: /usr/bin/cc -- works
[0.858s] -- Detecting C compiler ABI info
[1.030s] -- Detecting C compiler ABI info - done
[1.042s] -- Detecting C compile features
[1.042s] -- Detecting C compile features - done
[1.047s] -- Check for working CXX compiler: /usr/bin/c++
[1.232s] -- Check for working CXX compiler: /usr/bin/c++ -- works
[1.234s] -- Detecting CXX compiler ABI info
[1.398s] -- Detecting CXX compiler ABI info - done
[1.410s] -- Detecting CXX compile features
[1.410s] -- Detecting CXX compile features - done
[1.432s] -- Found ament_cmake: 0.9.12 (/opt/ros/foxy/share/ament_cmake/cmake)
[1.477s] -- Found PythonInterp: /usr/bin/python3 (found suitable version "3.8.10", minimum required is "3") 
[1.478s] -- Using PYTHON_EXECUTABLE: /usr/bin/python3
[1.706s] -- Found rclcpp: 2.4.3 (/opt/ros/foxy/share/rclcpp/cmake)
[1.903s] -- Using all available rosidl_typesupport_c: rosidl_typesupport_fastrtps_c;rosidl_typesupport_introspection_c
[1.910s] -- Found rosidl_adapter: 1.3.1 (/opt/ros/foxy/share/rosidl_adapter/cmake)
[2.600s] -- Found OpenSSL: /usr/lib/x86_64-linux-gnu/libcrypto.so (found version "1.1.1f")  
[3.153s] -- Found FastRTPS: /opt/ros/foxy/include  
[4.132s] -- Using all available rosidl_typesupport_cpp: rosidl_typesupport_fastrtps_cpp;rosidl_typesupport_introspection_cpp
[4.255s] -- Found rmw_implementation_cmake: 1.0.4 (/opt/ros/foxy/share/rmw_implementation_cmake/cmake)
[4.258s] -- Using RMW implementation 'rmw_fastrtps_cpp' as default
[4.260s] -- Looking for pthread.h
[4.398s] -- Looking for pthread.h - found
[4.399s] -- Performing Test CMAKE_HAVE_LIBC_PTHREAD
[4.530s] -- Performing Test CMAKE_HAVE_LIBC_PTHREAD - Failed
[4.530s] -- Looking for pthread_create in pthreads
[4.660s] -- Looking for pthread_create in pthreads - not found
[4.661s] -- Looking for pthread_create in pthread
[4.794s] -- Looking for pthread_create in pthread - found
[4.794s] -- Found Threads: TRUE  
[4.961s] -- Found sensor_msgs: 2.0.5 (/opt/ros/foxy/share/sensor_msgs/cmake)
[5.095s] -- Found std_srvs: 2.0.5 (/opt/ros/foxy/share/std_srvs/cmake)
[5.116s] -- Found ament_lint_auto: 0.9.8 (/opt/ros/foxy/share/ament_lint_auto/cmake)
[5.159s] Error parsing '/root/robot_demo/src/robot_demo/rplidar_ros/package.xml':
[5.388s] Traceback (most recent call last):
[5.388s]   File "/opt/ros/foxy/share/ament_cmake_core/cmake/core/package_xml_2_cmake.py", line 143, in <module>
[5.388s]     main()
[5.388s]   File "/opt/ros/foxy/share/ament_cmake_core/cmake/core/package_xml_2_cmake.py", line 52, in main
[5.388s]     raise e
[5.388s]   File "/opt/ros/foxy/share/ament_cmake_core/cmake/core/package_xml_2_cmake.py", line 48, in main
[5.388s]     package = parse_package_string(
[5.388s]   File "/usr/lib/python3/dist-packages/catkin_pkg/package.py", line 786, in parse_package_string
[5.388s]     raise InvalidPackage('Error(s):%s' % (''.join(['\n- %s' % e for e in errors])), filename)
[5.388s] catkin_pkg.package.InvalidPackage: Error(s) in package '/root/robot_demo/src/robot_demo/rplidar_ros/package.xml':
[5.388s] Error(s):
[5.388s] - The manifest of package "rplidar_ros" (with format version 3) must not contain the following tags: run_depend
[5.388s] - Please replace <run_depend> tags with <exec_depend> tags.
[5.420s] CMake Error at /opt/ros/foxy/share/ament_cmake_core/cmake/core/ament_package_xml.cmake:94 (message):
[5.421s]   execute_process(/usr/bin/python3
[5.421s]   /opt/ros/foxy/share/ament_cmake_core/cmake/core/package_xml_2_cmake.py
[5.421s]   /root/robot_demo/src/robot_demo/rplidar_ros/package.xml
[5.421s]   /root/robot_demo/src/robot_demo/build/rplidar_ros/ament_cmake_core/package.cmake)
[5.421s]   returned error code 1
[5.421s] Call Stack (most recent call first):
[5.421s]   /opt/ros/foxy/share/ament_cmake_core/cmake/core/ament_package_xml.cmake:49 (_ament_package_xml)
[5.421s]   /opt/ros/foxy/share/ament_lint_auto/cmake/ament_lint_auto_find_test_dependencies.cmake:31 (ament_package_xml)
[5.421s]   CMakeLists.txt:73 (ament_lint_auto_find_test_dependencies)
[5.421s] 
[5.421s] 
[5.422s] -- Configuring incomplete, errors occurred!
[5.422s] See also "/root/robot_demo/src/robot_demo/build/rplidar_ros/CMakeFiles/CMakeOutput.log".
[5.422s] See also "/root/robot_demo/src/robot_demo/build/rplidar_ros/CMakeFiles/CMakeError.log".
