[0.056s] Invoking command in '/root/robot_demo/src/robot_demo/build/my_msg': CMAKE_PREFIX_PATH=${CMAKE_PREFIX_PATH}:/opt/ros/foxy /usr/bin/cmake /root/robot_demo/src/robot_demo/my_msg -DCMAKE_INSTALL_PREFIX=/root/robot_demo/src/robot_demo/install/my_msg
[0.336s] -- The C compiler identification is GNU 9.4.0
[0.615s] -- The CXX compiler identification is GNU 9.4.0
[0.728s] -- Check for working C compiler: /usr/bin/cc
[0.884s] -- Check for working C compiler: /usr/bin/cc -- works
[0.886s] -- Detecting C compiler ABI info
[1.065s] -- Detecting C compiler ABI info - done
[1.076s] -- Detecting C compile features
[1.076s] -- Detecting C compile features - done
[1.080s] -- Check for working CXX compiler: /usr/bin/c++
[1.263s] -- Check for working CXX compiler: /usr/bin/c++ -- works
[1.264s] -- Detecting CXX compiler ABI info
[1.452s] -- Detecting CXX compiler ABI info - done
[1.462s] -- Detecting CXX compile features
[1.463s] -- Detecting CXX compile features - done
[1.467s] -- Found ament_cmake: 0.9.12 (/opt/ros/foxy/share/ament_cmake/cmake)
[1.501s] -- Found PythonInterp: /usr/bin/python3 (found suitable version "3.8.10", minimum required is "3") 
[1.501s] -- Using PYTHON_EXECUTABLE: /usr/bin/python3
[1.723s] -- Found rosidl_default_generators: 1.0.1 (/opt/ros/foxy/share/rosidl_default_generators/cmake)
[1.732s] -- Using all available rosidl_typesupport_c: rosidl_typesupport_fastrtps_c;rosidl_typesupport_introspection_c
[1.746s] -- Found rosidl_adapter: 1.3.1 (/opt/ros/foxy/share/rosidl_adapter/cmake)
[2.618s] -- Found OpenSSL: /usr/lib/x86_64-linux-gnu/libcrypto.so (found version "1.1.1f")  
[3.171s] -- Found FastRTPS: /opt/ros/foxy/include  
[4.150s] -- Using all available rosidl_typesupport_cpp: rosidl_typesupport_fastrtps_cpp;rosidl_typesupport_introspection_cpp
[4.189s] -- Found std_msgs: 2.0.5 (/opt/ros/foxy/share/std_msgs/cmake)
[4.229s] -- Found rclcpp: 2.4.3 (/opt/ros/foxy/share/rclcpp/cmake)
[4.277s] -- Found rmw_implementation_cmake: 1.0.4 (/opt/ros/foxy/share/rmw_implementation_cmake/cmake)
[4.277s] -- Using RMW implementation 'rmw_fastrtps_cpp' as default
[4.278s] -- Looking for pthread.h
[4.415s] -- Looking for pthread.h - found
[4.415s] -- Performing Test CMAKE_HAVE_LIBC_PTHREAD
[4.555s] -- Performing Test CMAKE_HAVE_LIBC_PTHREAD - Failed
[4.556s] -- Looking for pthread_create in pthreads
[4.681s] -- Looking for pthread_create in pthreads - not found
[4.681s] -- Looking for pthread_create in pthread
[4.811s] -- Looking for pthread_create in pthread - found
[4.812s] -- Found Threads: TRUE  
[4.991s] -- Found PythonInterp: /usr/bin/python3 (found version "3.8.10") 
[5.149s] -- Found ament_cmake_ros: 0.9.2 (/opt/ros/foxy/share/ament_cmake_ros/cmake)
[8.795s] -- Using all available rosidl_typesupport_c: rosidl_typesupport_fastrtps_c;rosidl_typesupport_introspection_c
[8.859s] -- Using all available rosidl_typesupport_cpp: rosidl_typesupport_fastrtps_cpp;rosidl_typesupport_introspection_cpp
[8.884s] -- Found PythonInterp: /usr/bin/python3 (found suitable version "3.8.10", minimum required is "3.5") 
[8.887s] -- Found python_cmake_module: 0.8.1 (/opt/ros/foxy/share/python_cmake_module/cmake)
[9.272s] -- Found PythonLibs: /usr/lib/x86_64-linux-gnu/libpython3.8.so (found suitable version "3.8.10", minimum required is "3.5") 
[9.272s] -- Using PYTHON_EXECUTABLE: /usr/bin/python3
[9.272s] -- Using PYTHON_INCLUDE_DIRS: /usr/include/python3.8
[9.273s] -- Using PYTHON_LIBRARIES: /usr/lib/x86_64-linux-gnu/libpython3.8.so
[9.292s] -- Found PythonExtra: .so  
[9.401s] -- Configuring done
[9.470s] -- Generating done
[9.488s] -- Build files have been written to: /root/robot_demo/src/robot_demo/build/my_msg
