[0.052s] Invoking command in '/root/robot_demo/src/robot_demo/build/robot_model': CMAKE_PREFIX_PATH=${CMAKE_PREFIX_PATH}:/opt/ros/foxy /usr/bin/cmake /root/robot_demo/src/robot_demo/robot_model -DCMAKE_INSTALL_PREFIX=/root/robot_demo/src/robot_demo/install/robot_model
[0.322s] -- The C compiler identification is GNU 9.4.0
[0.596s] -- The CXX compiler identification is GNU 9.4.0
[0.715s] -- Check for working C compiler: /usr/bin/cc
[0.871s] -- Check for working C compiler: /usr/bin/cc -- works
[0.872s] -- Detecting C compiler ABI info
[1.035s] -- Detecting C compiler ABI info - done
[1.047s] -- Detecting C compile features
[1.049s] -- Detecting C compile features - done
[1.054s] -- Check for working CXX compiler: /usr/bin/c++
[1.237s] -- Check for working CXX compiler: /usr/bin/c++ -- works
[1.239s] -- Detecting CXX compiler ABI info
[1.407s] -- Detecting CXX compiler ABI info - done
[1.419s] -- Detecting CXX compile features
[1.419s] -- Detecting CXX compile features - done
[1.441s] -- Found ament_cmake: 0.9.12 (/opt/ros/foxy/share/ament_cmake/cmake)
[1.486s] -- Found PythonInterp: /usr/bin/python3 (found suitable version "3.8.10", minimum required is "3") 
[1.486s] -- Using PYTHON_EXECUTABLE: /usr/bin/python3
[1.713s] -- Found ament_lint_auto: 0.9.8 (/opt/ros/foxy/share/ament_lint_auto/cmake)
[1.821s] -- Added test 'copyright' to check source files copyright and LICENSE
[1.826s] -- Added test 'flake8' to check Python code syntax and style conventions
[1.828s] -- Added test 'lint_cmake' to check CMake code style
[1.829s] -- Added test 'pep257' to check Python code against some of the style conventions in PEP 257
[1.832s] -- Added test 'xmllint' to check XML markup files
[1.836s] -- Configuring done
[1.840s] -- Generating done
[1.842s] -- Build files have been written to: /root/robot_demo/src/robot_demo/build/robot_model
[1.850s] Invoked command in '/root/robot_demo/src/robot_demo/build/robot_model' returned '0': CMAKE_PREFIX_PATH=${CMAKE_PREFIX_PATH}:/opt/ros/foxy /usr/bin/cmake /root/robot_demo/src/robot_demo/robot_model -DCMAKE_INSTALL_PREFIX=/root/robot_demo/src/robot_demo/install/robot_model
[1.853s] Invoking command in '/root/robot_demo/src/robot_demo/build/robot_model': CMAKE_PREFIX_PATH=${CMAKE_PREFIX_PATH}:/opt/ros/foxy /usr/bin/cmake --build /root/robot_demo/src/robot_demo/build/robot_model -- -j16 -l16
[1.895s] Invoked command in '/root/robot_demo/src/robot_demo/build/robot_model' returned '0': CMAKE_PREFIX_PATH=${CMAKE_PREFIX_PATH}:/opt/ros/foxy /usr/bin/cmake --build /root/robot_demo/src/robot_demo/build/robot_model -- -j16 -l16
[1.911s] Invoking command in '/root/robot_demo/src/robot_demo/build/robot_model': CMAKE_PREFIX_PATH=${CMAKE_PREFIX_PATH}:/opt/ros/foxy /usr/bin/cmake --install /root/robot_demo/src/robot_demo/build/robot_model
[1.918s] -- Install configuration: ""
[1.918s] -- Installing: /root/robot_demo/src/robot_demo/install/robot_model/share/robot_model/config
[1.919s] -- Installing: /root/robot_demo/src/robot_demo/install/robot_model/share/robot_model/config/world
[1.919s] -- Installing: /root/robot_demo/src/robot_demo/install/robot_model/share/robot_model/config/world/model.config
[1.920s] -- Installing: /root/robot_demo/src/robot_demo/install/robot_model/share/robot_model/config/world/pillar.sdf
[1.920s] -- Installing: /root/robot_demo/src/robot_demo/install/robot_model/share/robot_model/config/world/model.sdf
[1.921s] -- Installing: /root/robot_demo/src/robot_demo/install/robot_model/share/robot_model/config/twist_mux.yaml
[1.921s] -- Installing: /root/robot_demo/src/robot_demo/install/robot_model/share/robot_model/config/mapper_params_online_async.yaml
[1.922s] -- Installing: /root/robot_demo/src/robot_demo/install/robot_model/share/robot_model/description
[1.922s] -- Installing: /root/robot_demo/src/robot_demo/install/robot_model/share/robot_model/description/inertial_macros.xacro
[1.923s] -- Installing: /root/robot_demo/src/robot_demo/install/robot_model/share/robot_model/description/lidar.xacro
[1.924s] -- Installing: /root/robot_demo/src/robot_demo/install/robot_model/share/robot_model/description/robot_core.xacro
[1.924s] -- Installing: /root/robot_demo/src/robot_demo/install/robot_model/share/robot_model/description/robot.urdf.xacro
[1.925s] -- Installing: /root/robot_demo/src/robot_demo/install/robot_model/share/robot_model/description/ros2_control.xacro
[1.925s] -- Installing: /root/robot_demo/src/robot_demo/install/robot_model/share/robot_model/description/gazebo_control.xacro
[1.926s] -- Installing: /root/robot_demo/src/robot_demo/install/robot_model/share/robot_model/worlds
[1.926s] -- Installing: /root/robot_demo/src/robot_demo/install/robot_model/share/robot_model/launch
[1.927s] -- Installing: /root/robot_demo/src/robot_demo/install/robot_model/share/robot_model/launch/rsp.launch.py
[1.928s] -- Installing: /root/robot_demo/src/robot_demo/install/robot_model/share/robot_model/launch/launch_sim.launch.py
[1.928s] -- Installing: /root/robot_demo/src/robot_demo/install/robot_model/share/robot_model/include
[1.928s] -- Installing: /root/robot_demo/src/robot_demo/install/robot_model/share/robot_model/param
[1.929s] -- Installing: /root/robot_demo/src/robot_demo/install/robot_model/share/ament_index/resource_index/package_run_dependencies/robot_model
[1.929s] -- Installing: /root/robot_demo/src/robot_demo/install/robot_model/share/ament_index/resource_index/parent_prefix_path/robot_model
[1.930s] -- Installing: /root/robot_demo/src/robot_demo/install/robot_model/share/robot_model/environment/ament_prefix_path.sh
[1.930s] -- Installing: /root/robot_demo/src/robot_demo/install/robot_model/share/robot_model/environment/ament_prefix_path.dsv
[1.931s] -- Installing: /root/robot_demo/src/robot_demo/install/robot_model/share/robot_model/environment/path.sh
[1.931s] -- Installing: /root/robot_demo/src/robot_demo/install/robot_model/share/robot_model/environment/path.dsv
[1.932s] -- Installing: /root/robot_demo/src/robot_demo/install/robot_model/share/robot_model/local_setup.bash
[1.932s] -- Installing: /root/robot_demo/src/robot_demo/install/robot_model/share/robot_model/local_setup.sh
[1.932s] -- Installing: /root/robot_demo/src/robot_demo/install/robot_model/share/robot_model/local_setup.zsh
[1.933s] -- Installing: /root/robot_demo/src/robot_demo/install/robot_model/share/robot_model/local_setup.dsv
[1.933s] -- Installing: /root/robot_demo/src/robot_demo/install/robot_model/share/robot_model/package.dsv
[1.933s] -- Installing: /root/robot_demo/src/robot_demo/install/robot_model/share/ament_index/resource_index/packages/robot_model
[1.933s] -- Installing: /root/robot_demo/src/robot_demo/install/robot_model/share/robot_model/cmake/robot_modelConfig.cmake
[1.933s] -- Installing: /root/robot_demo/src/robot_demo/install/robot_model/share/robot_model/cmake/robot_modelConfig-version.cmake
[1.933s] -- Installing: /root/robot_demo/src/robot_demo/install/robot_model/share/robot_model/package.xml
[1.936s] Invoked command in '/root/robot_demo/src/robot_demo/build/robot_model' returned '0': CMAKE_PREFIX_PATH=${CMAKE_PREFIX_PATH}:/opt/ros/foxy /usr/bin/cmake --install /root/robot_demo/src/robot_demo/build/robot_model
