-- Found ament_cmake: 0.9.12 (/opt/ros/foxy/share/ament_cmake/cmake)
-- Using PYTHON_EXECUTABLE: /usr/bin/python3
-- Found rclcpp: 2.4.3 (/opt/ros/foxy/share/rclcpp/cmake)
-- Using all available rosidl_typesupport_c: rosidl_typesupport_fastrtps_c;rosidl_typesupport_introspection_c
-- Found rosidl_adapter: 1.3.1 (/opt/ros/foxy/share/rosidl_adapter/cmake)
-- Using all available rosidl_typesupport_cpp: rosidl_typesupport_fastrtps_cpp;rosidl_typesupport_introspection_cpp
-- Found rmw_implementation_cmake: 1.0.4 (/opt/ros/foxy/share/rmw_implementation_cmake/cmake)
-- Using RMW implementation 'rmw_fastrtps_cpp' as default
-- Found sensor_msgs: 2.0.5 (/opt/ros/foxy/share/sensor_msgs/cmake)
-- Found std_srvs: 2.0.5 (/opt/ros/foxy/share/std_srvs/cmake)
-- Configuring done
-- Generating done
-- Build files have been written to: /root/robot_demo/src/robot_demo/build/rplidar_ros
[35m[1mScanning dependencies of target rplidar_client[0m
[35m[1mScanning dependencies of target rplidar_node[0m
[35m[1mScanning dependencies of target rplidar_composition[0m
[ 10%] [32mBuilding CXX object CMakeFiles/rplidar_composition.dir/sdk/src/arch/linux/net_socket.cpp.o[0m
[ 10%] [32mBuilding CXX object CMakeFiles/rplidar_composition.dir/sdk/src/arch/linux/net_serial.cpp.o[0m
[ 10%] [32mBuilding CXX object CMakeFiles/rplidar_composition.dir/src/rplidar_node.cpp.o[0m
[ 10%] [32mBuilding CXX object CMakeFiles/rplidar_node.dir/sdk/src/arch/linux/net_socket.cpp.o[0m
[ 15%] [32mBuilding CXX object CMakeFiles/rplidar_node.dir/src/rplidar_node.cpp.o[0m
[ 15%] [32mBuilding CXX object CMakeFiles/rplidar_composition.dir/sdk/src/arch/linux/timer.cpp.o[0m
[ 26%] [32mBuilding CXX object CMakeFiles/rplidar_composition.dir/sdk/src/dataunpacker/dataunpacker.cpp.o[0m
[ 26%] [32mBuilding CXX object CMakeFiles/rplidar_node.dir/sdk/src/arch/linux/net_serial.cpp.o[0m
[ 26%] [32mBuilding CXX object CMakeFiles/rplidar_node.dir/sdk/src/dataunpacker/unpacker/handler_capsules.cpp.o[0m
[ 26%] [32mBuilding CXX object CMakeFiles/rplidar_node.dir/sdk/src/dataunpacker/unpacker/handler_hqnode.cpp.o[0m
[ 28%] [32mBuilding CXX object CMakeFiles/rplidar_client.dir/src/rplidar_client.cpp.o[0m
[ 31%] [32mBuilding CXX object CMakeFiles/rplidar_node.dir/sdk/src/arch/linux/timer.cpp.o[0m
[ 34%] [32mBuilding CXX object CMakeFiles/rplidar_node.dir/sdk/src/dataunpacker/unpacker/handler_normalnode.cpp.o[0m
[ 36%] [32mBuilding CXX object CMakeFiles/rplidar_node.dir/sdk/src/dataunpacker/dataunpacker.cpp.o[0m
[ 42%] [32mBuilding CXX object CMakeFiles/rplidar_composition.dir/sdk/src/dataunpacker/unpacker/handler_capsules.cpp.o[0m
[ 42%] [32mBuilding CXX object CMakeFiles/rplidar_node.dir/sdk/src/hal/thread.cpp.o[0m
[ 44%] [32mBuilding CXX object CMakeFiles/rplidar_composition.dir/sdk/src/dataunpacker/unpacker/handler_hqnode.cpp.o[0m
[ 47%] [32mBuilding CXX object CMakeFiles/rplidar_node.dir/sdk/src/rplidar_driver.cpp.o[0m
[ 50%] [32mBuilding CXX object CMakeFiles/rplidar_node.dir/sdk/src/sl_async_transceiver.cpp.o[0m
[ 52%] [32mBuilding CXX object CMakeFiles/rplidar_node.dir/sdk/src/sl_crc.cpp.o[0m
[ 55%] [32mBuilding CXX object CMakeFiles/rplidar_composition.dir/sdk/src/dataunpacker/unpacker/handler_normalnode.cpp.o[0m
[ 57%] [32mBuilding CXX object CMakeFiles/rplidar_node.dir/sdk/src/sl_lidar_driver.cpp.o[0m
[ 60%] [32mBuilding CXX object CMakeFiles/rplidar_node.dir/sdk/src/sl_lidarprotocol_codec.cpp.o[0m
[ 63%] [32mBuilding CXX object CMakeFiles/rplidar_composition.dir/sdk/src/hal/thread.cpp.o[0m
[ 65%] [32mBuilding CXX object CMakeFiles/rplidar_node.dir/sdk/src/sl_serial_channel.cpp.o[0m
[ 68%] [32mBuilding CXX object CMakeFiles/rplidar_node.dir/sdk/src/sl_tcp_channel.cpp.o[0m
[ 71%] [32mBuilding CXX object CMakeFiles/rplidar_composition.dir/sdk/src/rplidar_driver.cpp.o[0m
[ 73%] [32mBuilding CXX object CMakeFiles/rplidar_node.dir/sdk/src/sl_udp_channel.cpp.o[0m
[ 76%] [32mBuilding CXX object CMakeFiles/rplidar_composition.dir/sdk/src/sl_async_transceiver.cpp.o[0m
[ 78%] [32mBuilding CXX object CMakeFiles/rplidar_composition.dir/sdk/src/sl_crc.cpp.o[0m
[ 81%] [32mBuilding CXX object CMakeFiles/rplidar_composition.dir/sdk/src/sl_lidar_driver.cpp.o[0m
[ 84%] [32mBuilding CXX object CMakeFiles/rplidar_composition.dir/sdk/src/sl_lidarprotocol_codec.cpp.o[0m
[ 86%] [32mBuilding CXX object CMakeFiles/rplidar_composition.dir/sdk/src/sl_serial_channel.cpp.o[0m
[ 89%] [32mBuilding CXX object CMakeFiles/rplidar_composition.dir/sdk/src/sl_tcp_channel.cpp.o[0m
[ 92%] [32mBuilding CXX object CMakeFiles/rplidar_composition.dir/sdk/src/sl_udp_channel.cpp.o[0m
[ 94%] [32m[1mLinking CXX executable rplidar_composition[0m
[ 97%] [32m[1mLinking CXX executable rplidar_node[0m
[ 97%] Built target rplidar_node
[ 97%] Built target rplidar_composition
[100%] [32m[1mLinking CXX executable rplidar_client[0m
[100%] Built target rplidar_client
-- Install configuration: ""
-- Installing: /root/robot_demo/src/robot_demo/install/rplidar_ros/share/rplidar_ros/launch
-- Installing: /root/robot_demo/src/robot_demo/install/rplidar_ros/share/rplidar_ros/launch/rplidar_a3_launch.py
-- Installing: /root/robot_demo/src/robot_demo/install/rplidar_ros/share/rplidar_ros/launch/view_rplidar_a2m12_launch.py
-- Installing: /root/robot_demo/src/robot_demo/install/rplidar_ros/share/rplidar_ros/launch/view_rplidar_s2e_launch.py
-- Installing: /root/robot_demo/src/robot_demo/install/rplidar_ros/share/rplidar_ros/launch/view_rplidar_t1_launch.py
-- Installing: /root/robot_demo/src/robot_demo/install/rplidar_ros/share/rplidar_ros/launch/view_rplidar_a2m7_launch.py
-- Installing: /root/robot_demo/src/robot_demo/install/rplidar_ros/share/rplidar_ros/launch/view_rplidar_c1_launch.py
-- Installing: /root/robot_demo/src/robot_demo/install/rplidar_ros/share/rplidar_ros/launch/view_rplidar_s3_launch.py
-- Installing: /root/robot_demo/src/robot_demo/install/rplidar_ros/share/rplidar_ros/launch/rplidar_s1_launch.py
-- Installing: /root/robot_demo/src/robot_demo/install/rplidar_ros/share/rplidar_ros/launch/view_rplidar_s2_launch.py
-- Installing: /root/robot_demo/src/robot_demo/install/rplidar_ros/share/rplidar_ros/launch/view_rplidar_s1_launch.py
-- Installing: /root/robot_demo/src/robot_demo/install/rplidar_ros/share/rplidar_ros/launch/rplidar_t1_launch.py
-- Installing: /root/robot_demo/src/robot_demo/install/rplidar_ros/share/rplidar_ros/launch/rplidar_s2_launch.py
-- Installing: /root/robot_demo/src/robot_demo/install/rplidar_ros/share/rplidar_ros/launch/view_rplidar_a1_launch.py
-- Installing: /root/robot_demo/src/robot_demo/install/rplidar_ros/share/rplidar_ros/launch/rplidar_a2m8_launch.py
-- Installing: /root/robot_demo/src/robot_demo/install/rplidar_ros/share/rplidar_ros/launch/view_rplidar_s1_tcp_launch.py
-- Installing: /root/robot_demo/src/robot_demo/install/rplidar_ros/share/rplidar_ros/launch/view_rplidar_a3_launch.py
-- Installing: /root/robot_demo/src/robot_demo/install/rplidar_ros/share/rplidar_ros/launch/rplidar_s1_tcp_launch.py
-- Installing: /root/robot_demo/src/robot_demo/install/rplidar_ros/share/rplidar_ros/launch/rplidar_a2m7_launch.py
-- Installing: /root/robot_demo/src/robot_demo/install/rplidar_ros/share/rplidar_ros/launch/rplidar_a2m12_launch.py
-- Installing: /root/robot_demo/src/robot_demo/install/rplidar_ros/share/rplidar_ros/launch/rplidar_c1_launch.py
-- Installing: /root/robot_demo/src/robot_demo/install/rplidar_ros/share/rplidar_ros/launch/rplidar_s3_launch.py
-- Installing: /root/robot_demo/src/robot_demo/install/rplidar_ros/share/rplidar_ros/launch/rplidar_a1_launch.py
-- Installing: /root/robot_demo/src/robot_demo/install/rplidar_ros/share/rplidar_ros/launch/rplidar_s2e_launch.py
-- Installing: /root/robot_demo/src/robot_demo/install/rplidar_ros/share/rplidar_ros/launch/view_rplidar_a2m8_launch.py
-- Installing: /root/robot_demo/src/robot_demo/install/rplidar_ros/share/rplidar_ros/rviz
-- Installing: /root/robot_demo/src/robot_demo/install/rplidar_ros/share/rplidar_ros/rviz/rplidar_ros.rviz
-- Installing: /root/robot_demo/src/robot_demo/install/rplidar_ros/lib/rplidar_ros/rplidar_node
-- Set runtime path of "/root/robot_demo/src/robot_demo/install/rplidar_ros/lib/rplidar_ros/rplidar_node" to ""
-- Installing: /root/robot_demo/src/robot_demo/install/rplidar_ros/lib/rplidar_ros/rplidar_composition
-- Set runtime path of "/root/robot_demo/src/robot_demo/install/rplidar_ros/lib/rplidar_ros/rplidar_composition" to ""
-- Installing: /root/robot_demo/src/robot_demo/install/rplidar_ros/lib/rplidar_ros/rplidar_client
-- Set runtime path of "/root/robot_demo/src/robot_demo/install/rplidar_ros/lib/rplidar_ros/rplidar_client" to ""
-- Installing: /root/robot_demo/src/robot_demo/install/rplidar_ros/share/ament_index/resource_index/package_run_dependencies/rplidar_ros
-- Installing: /root/robot_demo/src/robot_demo/install/rplidar_ros/share/ament_index/resource_index/parent_prefix_path/rplidar_ros
-- Installing: /root/robot_demo/src/robot_demo/install/rplidar_ros/share/rplidar_ros/environment/ament_prefix_path.sh
-- Installing: /root/robot_demo/src/robot_demo/install/rplidar_ros/share/rplidar_ros/environment/ament_prefix_path.dsv
-- Installing: /root/robot_demo/src/robot_demo/install/rplidar_ros/share/rplidar_ros/environment/path.sh
-- Installing: /root/robot_demo/src/robot_demo/install/rplidar_ros/share/rplidar_ros/environment/path.dsv
-- Installing: /root/robot_demo/src/robot_demo/install/rplidar_ros/share/rplidar_ros/local_setup.bash
-- Installing: /root/robot_demo/src/robot_demo/install/rplidar_ros/share/rplidar_ros/local_setup.sh
-- Installing: /root/robot_demo/src/robot_demo/install/rplidar_ros/share/rplidar_ros/local_setup.zsh
-- Installing: /root/robot_demo/src/robot_demo/install/rplidar_ros/share/rplidar_ros/local_setup.dsv
-- Installing: /root/robot_demo/src/robot_demo/install/rplidar_ros/share/rplidar_ros/package.dsv
-- Installing: /root/robot_demo/src/robot_demo/install/rplidar_ros/share/ament_index/resource_index/packages/rplidar_ros
-- Installing: /root/robot_demo/src/robot_demo/install/rplidar_ros/share/rplidar_ros/cmake/ament_cmake_export_dependencies-extras.cmake
-- Installing: /root/robot_demo/src/robot_demo/install/rplidar_ros/share/rplidar_ros/cmake/ament_cmake_export_include_directories-extras.cmake
-- Installing: /root/robot_demo/src/robot_demo/install/rplidar_ros/share/rplidar_ros/cmake/rplidar_rosConfig.cmake
-- Installing: /root/robot_demo/src/robot_demo/install/rplidar_ros/share/rplidar_ros/cmake/rplidar_rosConfig-version.cmake
-- Installing: /root/robot_demo/src/robot_demo/install/rplidar_ros/share/rplidar_ros/package.xml
