[0.450s] DEBUG:colcon:Command line arguments: ['/usr/bin/colcon', 'build']
[0.450s] DEBUG:colcon:Parsed command line arguments: Namespace(allow_overriding=[], ament_cmake_args=None, base_paths=['.'], build_base='build', catkin_cmake_args=None, catkin_skip_building_tests=False, cmake_args=None, cmake_clean_cache=False, cmake_clean_first=False, cmake_force_configure=False, cmake_target=None, cmake_target_skip_unavailable=False, continue_on_error=False, event_handlers=None, executor='parallel', ignore_user_meta=False, install_base='install', log_base=None, log_level=None, main=<bound method BuildVerb.main of <colcon_core.verb.build.BuildVerb object at 0x7f93873600a0>>, merge_install=False, metas=['./colcon.meta'], mixin=None, mixin_files=None, mixin_verb=('build',), packages_above=None, packages_above_and_dependencies=None, packages_above_depth=None, packages_end=None, packages_ignore=None, packages_ignore_regex=None, packages_select=None, packages_select_build_failed=False, packages_select_by_dep=None, packages_select_regex=None, packages_select_test_failures=False, packages_skip=None, packages_skip_build_finished=False, packages_skip_by_dep=None, packages_skip_regex=None, packages_skip_test_passed=False, packages_skip_up_to=None, packages_start=None, packages_up_to=None, packages_up_to_regex=None, parallel_workers=16, paths=None, symlink_install=False, test_result_base=None, verb_extension=<colcon_core.verb.build.BuildVerb object at 0x7f93873600a0>, verb_name='build', verb_parser=<colcon_mixin.mixin.mixin_argument.MixinArgumentDecorator object at 0x7f9387360c10>)
[0.701s] Level 1:colcon.colcon_core.package_discovery:discover_packages(colcon_meta) check parameters
[0.702s] Level 1:colcon.colcon_core.package_discovery:discover_packages(recursive) check parameters
[0.702s] Level 1:colcon.colcon_core.package_discovery:discover_packages(ignore) check parameters
[0.702s] Level 1:colcon.colcon_core.package_discovery:discover_packages(path) check parameters
[0.702s] Level 1:colcon.colcon_core.package_discovery:discover_packages(colcon_meta) discover
[0.702s] Level 1:colcon.colcon_core.package_discovery:discover_packages(recursive) discover
[0.702s] INFO:colcon.colcon_core.package_discovery:Crawling recursively for packages in '/root/robot_demo/src/robot_demo'
[0.702s] Level 1:colcon.colcon_core.package_identification:_identify(.) by extensions ['ignore', 'ignore_ament_install']
[0.702s] Level 1:colcon.colcon_core.package_identification:_identify(.) by extension 'ignore'
[0.702s] Level 1:colcon.colcon_core.package_identification:_identify(.) by extension 'ignore_ament_install'
[0.702s] Level 1:colcon.colcon_core.package_identification:_identify(.) by extensions ['colcon_pkg']
[0.702s] Level 1:colcon.colcon_core.package_identification:_identify(.) by extension 'colcon_pkg'
[0.702s] Level 1:colcon.colcon_core.package_identification:_identify(.) by extensions ['colcon_meta']
[0.702s] Level 1:colcon.colcon_core.package_identification:_identify(.) by extension 'colcon_meta'
[0.702s] Level 1:colcon.colcon_core.package_identification:_identify(.) by extensions ['ros']
[0.702s] Level 1:colcon.colcon_core.package_identification:_identify(.) by extension 'ros'
[0.717s] Level 1:colcon.colcon_core.package_identification:_identify(.) by extensions ['cmake', 'python']
[0.718s] Level 1:colcon.colcon_core.package_identification:_identify(.) by extension 'cmake'
[0.718s] Level 1:colcon.colcon_core.package_identification:_identify(.) by extension 'python'
[0.718s] Level 1:colcon.colcon_core.package_identification:_identify(.) by extensions ['python_setup_py']
[0.718s] Level 1:colcon.colcon_core.package_identification:_identify(.) by extension 'python_setup_py'
[0.718s] Level 1:colcon.colcon_core.package_identification:_identify(build) by extensions ['ignore', 'ignore_ament_install']
[0.718s] Level 1:colcon.colcon_core.package_identification:_identify(build) by extension 'ignore'
[0.718s] Level 1:colcon.colcon_core.package_identification:_identify(build) ignored
[0.718s] Level 1:colcon.colcon_core.package_identification:_identify(gmapping) by extensions ['ignore', 'ignore_ament_install']
[0.718s] Level 1:colcon.colcon_core.package_identification:_identify(gmapping) by extension 'ignore'
[0.718s] Level 1:colcon.colcon_core.package_identification:_identify(gmapping) by extension 'ignore_ament_install'
[0.718s] Level 1:colcon.colcon_core.package_identification:_identify(gmapping) by extensions ['colcon_pkg']
[0.718s] Level 1:colcon.colcon_core.package_identification:_identify(gmapping) by extension 'colcon_pkg'
[0.718s] Level 1:colcon.colcon_core.package_identification:_identify(gmapping) by extensions ['colcon_meta']
[0.718s] Level 1:colcon.colcon_core.package_identification:_identify(gmapping) by extension 'colcon_meta'
[0.718s] Level 1:colcon.colcon_core.package_identification:_identify(gmapping) by extensions ['ros']
[0.718s] Level 1:colcon.colcon_core.package_identification:_identify(gmapping) by extension 'ros'
[0.722s] DEBUG:colcon.colcon_core.package_identification:Package 'gmapping' with type 'ros.catkin' and name 'gmapping'
[0.722s] Level 1:colcon.colcon_core.package_identification:_identify(install) by extensions ['ignore', 'ignore_ament_install']
[0.722s] Level 1:colcon.colcon_core.package_identification:_identify(install) by extension 'ignore'
[0.722s] Level 1:colcon.colcon_core.package_identification:_identify(install) ignored
[0.722s] Level 1:colcon.colcon_core.package_identification:_identify(log) by extensions ['ignore', 'ignore_ament_install']
[0.722s] Level 1:colcon.colcon_core.package_identification:_identify(log) by extension 'ignore'
[0.722s] Level 1:colcon.colcon_core.package_identification:_identify(log) ignored
[0.722s] Level 1:colcon.colcon_core.package_identification:_identify(my_msg) by extensions ['ignore', 'ignore_ament_install']
[0.723s] Level 1:colcon.colcon_core.package_identification:_identify(my_msg) by extension 'ignore'
[0.723s] Level 1:colcon.colcon_core.package_identification:_identify(my_msg) by extension 'ignore_ament_install'
[0.723s] Level 1:colcon.colcon_core.package_identification:_identify(my_msg) by extensions ['colcon_pkg']
[0.723s] Level 1:colcon.colcon_core.package_identification:_identify(my_msg) by extension 'colcon_pkg'
[0.723s] Level 1:colcon.colcon_core.package_identification:_identify(my_msg) by extensions ['colcon_meta']
[0.723s] Level 1:colcon.colcon_core.package_identification:_identify(my_msg) by extension 'colcon_meta'
[0.723s] Level 1:colcon.colcon_core.package_identification:_identify(my_msg) by extensions ['ros']
[0.723s] Level 1:colcon.colcon_core.package_identification:_identify(my_msg) by extension 'ros'
[0.724s] DEBUG:colcon.colcon_core.package_identification:Package 'my_msg' with type 'ros.ament_cmake' and name 'my_msg'
[0.724s] Level 1:colcon.colcon_core.package_identification:_identify(nav) by extensions ['ignore', 'ignore_ament_install']
[0.724s] Level 1:colcon.colcon_core.package_identification:_identify(nav) by extension 'ignore'
[0.724s] Level 1:colcon.colcon_core.package_identification:_identify(nav) by extension 'ignore_ament_install'
[0.724s] Level 1:colcon.colcon_core.package_identification:_identify(nav) by extensions ['colcon_pkg']
[0.724s] Level 1:colcon.colcon_core.package_identification:_identify(nav) by extension 'colcon_pkg'
[0.724s] Level 1:colcon.colcon_core.package_identification:_identify(nav) by extensions ['colcon_meta']
[0.724s] Level 1:colcon.colcon_core.package_identification:_identify(nav) by extension 'colcon_meta'
[0.724s] Level 1:colcon.colcon_core.package_identification:_identify(nav) by extensions ['ros']
[0.724s] Level 1:colcon.colcon_core.package_identification:_identify(nav) by extension 'ros'
[0.725s] DEBUG:colcon.colcon_core.package_identification:Package 'nav' with type 'ros.catkin' and name 'nav'
[0.726s] Level 1:colcon.colcon_core.package_identification:_identify(openslam_gmapping) by extensions ['ignore', 'ignore_ament_install']
[0.726s] Level 1:colcon.colcon_core.package_identification:_identify(openslam_gmapping) by extension 'ignore'
[0.726s] Level 1:colcon.colcon_core.package_identification:_identify(openslam_gmapping) by extension 'ignore_ament_install'
[0.726s] Level 1:colcon.colcon_core.package_identification:_identify(openslam_gmapping) by extensions ['colcon_pkg']
[0.726s] Level 1:colcon.colcon_core.package_identification:_identify(openslam_gmapping) by extension 'colcon_pkg'
[0.726s] Level 1:colcon.colcon_core.package_identification:_identify(openslam_gmapping) by extensions ['colcon_meta']
[0.726s] Level 1:colcon.colcon_core.package_identification:_identify(openslam_gmapping) by extension 'colcon_meta'
[0.726s] Level 1:colcon.colcon_core.package_identification:_identify(openslam_gmapping) by extensions ['ros']
[0.726s] Level 1:colcon.colcon_core.package_identification:_identify(openslam_gmapping) by extension 'ros'
[0.727s] DEBUG:colcon.colcon_core.package_identification:Package 'openslam_gmapping' with type 'ros.catkin' and name 'openslam_gmapping'
[0.727s] Level 1:colcon.colcon_core.package_identification:_identify(robot_base) by extensions ['ignore', 'ignore_ament_install']
[0.727s] Level 1:colcon.colcon_core.package_identification:_identify(robot_base) by extension 'ignore'
[0.727s] Level 1:colcon.colcon_core.package_identification:_identify(robot_base) by extension 'ignore_ament_install'
[0.727s] Level 1:colcon.colcon_core.package_identification:_identify(robot_base) by extensions ['colcon_pkg']
[0.727s] Level 1:colcon.colcon_core.package_identification:_identify(robot_base) by extension 'colcon_pkg'
[0.727s] Level 1:colcon.colcon_core.package_identification:_identify(robot_base) by extensions ['colcon_meta']
[0.727s] Level 1:colcon.colcon_core.package_identification:_identify(robot_base) by extension 'colcon_meta'
[0.727s] Level 1:colcon.colcon_core.package_identification:_identify(robot_base) by extensions ['ros']
[0.727s] Level 1:colcon.colcon_core.package_identification:_identify(robot_base) by extension 'ros'
[0.729s] DEBUG:colcon.colcon_core.package_identification:Package 'robot_base' with type 'ros.ament_cmake' and name 'robot_base'
[0.729s] Level 1:colcon.colcon_core.package_identification:_identify(robot_model) by extensions ['ignore', 'ignore_ament_install']
[0.729s] Level 1:colcon.colcon_core.package_identification:_identify(robot_model) by extension 'ignore'
[0.729s] Level 1:colcon.colcon_core.package_identification:_identify(robot_model) by extension 'ignore_ament_install'
[0.729s] Level 1:colcon.colcon_core.package_identification:_identify(robot_model) by extensions ['colcon_pkg']
[0.729s] Level 1:colcon.colcon_core.package_identification:_identify(robot_model) by extension 'colcon_pkg'
[0.729s] Level 1:colcon.colcon_core.package_identification:_identify(robot_model) by extensions ['colcon_meta']
[0.729s] Level 1:colcon.colcon_core.package_identification:_identify(robot_model) by extension 'colcon_meta'
[0.729s] Level 1:colcon.colcon_core.package_identification:_identify(robot_model) by extensions ['ros']
[0.729s] Level 1:colcon.colcon_core.package_identification:_identify(robot_model) by extension 'ros'
[0.730s] DEBUG:colcon.colcon_core.package_identification:Package 'robot_model' with type 'ros.ament_cmake' and name 'robot_model'
[0.730s] Level 1:colcon.colcon_core.package_identification:_identify(rplidar_ros) by extensions ['ignore', 'ignore_ament_install']
[0.730s] Level 1:colcon.colcon_core.package_identification:_identify(rplidar_ros) by extension 'ignore'
[0.730s] Level 1:colcon.colcon_core.package_identification:_identify(rplidar_ros) by extension 'ignore_ament_install'
[0.730s] Level 1:colcon.colcon_core.package_identification:_identify(rplidar_ros) by extensions ['colcon_pkg']
[0.730s] Level 1:colcon.colcon_core.package_identification:_identify(rplidar_ros) by extension 'colcon_pkg'
[0.730s] Level 1:colcon.colcon_core.package_identification:_identify(rplidar_ros) by extensions ['colcon_meta']
[0.730s] Level 1:colcon.colcon_core.package_identification:_identify(rplidar_ros) by extension 'colcon_meta'
[0.730s] Level 1:colcon.colcon_core.package_identification:_identify(rplidar_ros) by extensions ['ros']
[0.730s] Level 1:colcon.colcon_core.package_identification:_identify(rplidar_ros) by extension 'ros'
[0.731s] DEBUG:colcon.colcon_core.package_identification:Failed to parse potential ROS package manifest in'rplidar_ros': Error(s) in package 'rplidar_ros/package.xml':
Error(s):
- The manifest of package "rplidar_ros" (with format version 3) must not contain the following tags: run_depend
- Please replace <run_depend> tags with <exec_depend> tags.
[0.731s] Level 1:colcon.colcon_core.package_identification:_identify(rplidar_ros) by extensions ['cmake', 'python']
[0.731s] Level 1:colcon.colcon_core.package_identification:_identify(rplidar_ros) by extension 'cmake'
[0.732s] Level 1:colcon.colcon_core.package_identification:_identify(rplidar_ros) by extension 'python'
[0.732s] DEBUG:colcon.colcon_core.package_identification:Package 'rplidar_ros' with type 'cmake' and name 'rplidar_ros'
[0.732s] Level 1:colcon.colcon_core.package_identification:_identify(slam_gmapping) by extensions ['ignore', 'ignore_ament_install']
[0.732s] Level 1:colcon.colcon_core.package_identification:_identify(slam_gmapping) by extension 'ignore'
[0.732s] Level 1:colcon.colcon_core.package_identification:_identify(slam_gmapping) by extension 'ignore_ament_install'
[0.733s] Level 1:colcon.colcon_core.package_identification:_identify(slam_gmapping) by extensions ['colcon_pkg']
[0.733s] Level 1:colcon.colcon_core.package_identification:_identify(slam_gmapping) by extension 'colcon_pkg'
[0.733s] Level 1:colcon.colcon_core.package_identification:_identify(slam_gmapping) by extensions ['colcon_meta']
[0.733s] Level 1:colcon.colcon_core.package_identification:_identify(slam_gmapping) by extension 'colcon_meta'
[0.733s] Level 1:colcon.colcon_core.package_identification:_identify(slam_gmapping) by extensions ['ros']
[0.733s] Level 1:colcon.colcon_core.package_identification:_identify(slam_gmapping) by extension 'ros'
[0.734s] DEBUG:colcon.colcon_core.package_identification:Package 'slam_gmapping' with type 'ros.catkin' and name 'slam_gmapping'
[0.734s] Level 1:colcon.colcon_core.package_identification:_identify(usb_cam) by extensions ['ignore', 'ignore_ament_install']
[0.735s] Level 1:colcon.colcon_core.package_identification:_identify(usb_cam) by extension 'ignore'
[0.735s] Level 1:colcon.colcon_core.package_identification:_identify(usb_cam) by extension 'ignore_ament_install'
[0.735s] Level 1:colcon.colcon_core.package_identification:_identify(usb_cam) by extensions ['colcon_pkg']
[0.735s] Level 1:colcon.colcon_core.package_identification:_identify(usb_cam) by extension 'colcon_pkg'
[0.735s] Level 1:colcon.colcon_core.package_identification:_identify(usb_cam) by extensions ['colcon_meta']
[0.735s] Level 1:colcon.colcon_core.package_identification:_identify(usb_cam) by extension 'colcon_meta'
[0.735s] Level 1:colcon.colcon_core.package_identification:_identify(usb_cam) by extensions ['ros']
[0.735s] Level 1:colcon.colcon_core.package_identification:_identify(usb_cam) by extension 'ros'
[0.736s] DEBUG:colcon.colcon_core.package_identification:Package 'usb_cam' with type 'ros.catkin' and name 'usb_cam'
[0.736s] Level 1:colcon.colcon_core.package_discovery:discover_packages(recursive) using defaults
[0.736s] Level 1:colcon.colcon_core.package_discovery:discover_packages(ignore) discover
[0.736s] Level 1:colcon.colcon_core.package_discovery:discover_packages(ignore) using defaults
[0.736s] Level 1:colcon.colcon_core.package_discovery:discover_packages(path) discover
[0.736s] Level 1:colcon.colcon_core.package_discovery:discover_packages(path) using defaults
[0.766s] Level 1:colcon.colcon_core.package_discovery:discover_packages(prefix_path) check parameters
[0.766s] Level 1:colcon.colcon_core.package_discovery:discover_packages(prefix_path) discover
[0.773s] DEBUG:colcon.colcon_installed_package_information.package_discovery:Found 4 installed packages in /root/robot_demo/install
[0.776s] DEBUG:colcon.colcon_installed_package_information.package_discovery:Found 380 installed packages in /opt/ros/foxy
[0.789s] Level 1:colcon.colcon_core.package_discovery:discover_packages(prefix_path) using defaults
[0.958s] Level 5:colcon.colcon_core.verb:set package 'my_msg' build argument 'cmake_args' from command line to 'None'
[0.958s] Level 5:colcon.colcon_core.verb:set package 'my_msg' build argument 'cmake_target' from command line to 'None'
[0.958s] Level 5:colcon.colcon_core.verb:set package 'my_msg' build argument 'cmake_target_skip_unavailable' from command line to 'False'
[0.958s] Level 5:colcon.colcon_core.verb:set package 'my_msg' build argument 'cmake_clean_cache' from command line to 'False'
[0.958s] Level 5:colcon.colcon_core.verb:set package 'my_msg' build argument 'cmake_clean_first' from command line to 'False'
[0.959s] Level 5:colcon.colcon_core.verb:set package 'my_msg' build argument 'cmake_force_configure' from command line to 'False'
[0.959s] Level 5:colcon.colcon_core.verb:set package 'my_msg' build argument 'ament_cmake_args' from command line to 'None'
[0.959s] Level 5:colcon.colcon_core.verb:set package 'my_msg' build argument 'catkin_cmake_args' from command line to 'None'
[0.959s] Level 5:colcon.colcon_core.verb:set package 'my_msg' build argument 'catkin_skip_building_tests' from command line to 'False'
[0.959s] DEBUG:colcon.colcon_core.verb:Building package 'my_msg' with the following arguments: {'ament_cmake_args': None, 'build_base': '/root/robot_demo/src/robot_demo/build/my_msg', 'catkin_cmake_args': None, 'catkin_skip_building_tests': False, 'cmake_args': None, 'cmake_clean_cache': False, 'cmake_clean_first': False, 'cmake_force_configure': False, 'cmake_target': None, 'cmake_target_skip_unavailable': False, 'install_base': '/root/robot_demo/src/robot_demo/install/my_msg', 'merge_install': False, 'path': '/root/robot_demo/src/robot_demo/my_msg', 'symlink_install': False, 'test_result_base': None}
[0.959s] Level 5:colcon.colcon_core.verb:set package 'openslam_gmapping' build argument 'cmake_args' from command line to 'None'
[0.959s] Level 5:colcon.colcon_core.verb:set package 'openslam_gmapping' build argument 'cmake_target' from command line to 'None'
[0.960s] Level 5:colcon.colcon_core.verb:set package 'openslam_gmapping' build argument 'cmake_target_skip_unavailable' from command line to 'False'
[0.960s] Level 5:colcon.colcon_core.verb:set package 'openslam_gmapping' build argument 'cmake_clean_cache' from command line to 'False'
[0.960s] Level 5:colcon.colcon_core.verb:set package 'openslam_gmapping' build argument 'cmake_clean_first' from command line to 'False'
[0.960s] Level 5:colcon.colcon_core.verb:set package 'openslam_gmapping' build argument 'cmake_force_configure' from command line to 'False'
[0.960s] Level 5:colcon.colcon_core.verb:set package 'openslam_gmapping' build argument 'ament_cmake_args' from command line to 'None'
[0.960s] Level 5:colcon.colcon_core.verb:set package 'openslam_gmapping' build argument 'catkin_cmake_args' from command line to 'None'
[0.960s] Level 5:colcon.colcon_core.verb:set package 'openslam_gmapping' build argument 'catkin_skip_building_tests' from command line to 'False'
[0.960s] DEBUG:colcon.colcon_core.verb:Building package 'openslam_gmapping' with the following arguments: {'ament_cmake_args': None, 'build_base': '/root/robot_demo/src/robot_demo/build/openslam_gmapping', 'catkin_cmake_args': None, 'catkin_skip_building_tests': False, 'cmake_args': None, 'cmake_clean_cache': False, 'cmake_clean_first': False, 'cmake_force_configure': False, 'cmake_target': None, 'cmake_target_skip_unavailable': False, 'install_base': '/root/robot_demo/src/robot_demo/install/openslam_gmapping', 'merge_install': False, 'path': '/root/robot_demo/src/robot_demo/openslam_gmapping', 'symlink_install': False, 'test_result_base': None}
[0.960s] Level 5:colcon.colcon_core.verb:set package 'robot_model' build argument 'cmake_args' from command line to 'None'
[0.960s] Level 5:colcon.colcon_core.verb:set package 'robot_model' build argument 'cmake_target' from command line to 'None'
[0.960s] Level 5:colcon.colcon_core.verb:set package 'robot_model' build argument 'cmake_target_skip_unavailable' from command line to 'False'
[0.960s] Level 5:colcon.colcon_core.verb:set package 'robot_model' build argument 'cmake_clean_cache' from command line to 'False'
[0.960s] Level 5:colcon.colcon_core.verb:set package 'robot_model' build argument 'cmake_clean_first' from command line to 'False'
[0.960s] Level 5:colcon.colcon_core.verb:set package 'robot_model' build argument 'cmake_force_configure' from command line to 'False'
[0.960s] Level 5:colcon.colcon_core.verb:set package 'robot_model' build argument 'ament_cmake_args' from command line to 'None'
[0.960s] Level 5:colcon.colcon_core.verb:set package 'robot_model' build argument 'catkin_cmake_args' from command line to 'None'
[0.960s] Level 5:colcon.colcon_core.verb:set package 'robot_model' build argument 'catkin_skip_building_tests' from command line to 'False'
[0.960s] DEBUG:colcon.colcon_core.verb:Building package 'robot_model' with the following arguments: {'ament_cmake_args': None, 'build_base': '/root/robot_demo/src/robot_demo/build/robot_model', 'catkin_cmake_args': None, 'catkin_skip_building_tests': False, 'cmake_args': None, 'cmake_clean_cache': False, 'cmake_clean_first': False, 'cmake_force_configure': False, 'cmake_target': None, 'cmake_target_skip_unavailable': False, 'install_base': '/root/robot_demo/src/robot_demo/install/robot_model', 'merge_install': False, 'path': '/root/robot_demo/src/robot_demo/robot_model', 'symlink_install': False, 'test_result_base': None}
[0.961s] Level 5:colcon.colcon_core.verb:set package 'rplidar_ros' build argument 'cmake_args' from command line to 'None'
[0.961s] Level 5:colcon.colcon_core.verb:set package 'rplidar_ros' build argument 'cmake_target' from command line to 'None'
[0.961s] Level 5:colcon.colcon_core.verb:set package 'rplidar_ros' build argument 'cmake_target_skip_unavailable' from command line to 'False'
[0.961s] Level 5:colcon.colcon_core.verb:set package 'rplidar_ros' build argument 'cmake_clean_cache' from command line to 'False'
[0.961s] Level 5:colcon.colcon_core.verb:set package 'rplidar_ros' build argument 'cmake_clean_first' from command line to 'False'
[0.961s] Level 5:colcon.colcon_core.verb:set package 'rplidar_ros' build argument 'cmake_force_configure' from command line to 'False'
[0.961s] Level 5:colcon.colcon_core.verb:set package 'rplidar_ros' build argument 'ament_cmake_args' from command line to 'None'
[0.961s] Level 5:colcon.colcon_core.verb:set package 'rplidar_ros' build argument 'catkin_cmake_args' from command line to 'None'
[0.961s] Level 5:colcon.colcon_core.verb:set package 'rplidar_ros' build argument 'catkin_skip_building_tests' from command line to 'False'
[0.961s] DEBUG:colcon.colcon_core.verb:Building package 'rplidar_ros' with the following arguments: {'ament_cmake_args': None, 'build_base': '/root/robot_demo/src/robot_demo/build/rplidar_ros', 'catkin_cmake_args': None, 'catkin_skip_building_tests': False, 'cmake_args': None, 'cmake_clean_cache': False, 'cmake_clean_first': False, 'cmake_force_configure': False, 'cmake_target': None, 'cmake_target_skip_unavailable': False, 'install_base': '/root/robot_demo/src/robot_demo/install/rplidar_ros', 'merge_install': False, 'path': '/root/robot_demo/src/robot_demo/rplidar_ros', 'symlink_install': False, 'test_result_base': None}
[0.961s] Level 5:colcon.colcon_core.verb:set package 'usb_cam' build argument 'cmake_args' from command line to 'None'
[0.961s] Level 5:colcon.colcon_core.verb:set package 'usb_cam' build argument 'cmake_target' from command line to 'None'
[0.961s] Level 5:colcon.colcon_core.verb:set package 'usb_cam' build argument 'cmake_target_skip_unavailable' from command line to 'False'
[0.961s] Level 5:colcon.colcon_core.verb:set package 'usb_cam' build argument 'cmake_clean_cache' from command line to 'False'
[0.961s] Level 5:colcon.colcon_core.verb:set package 'usb_cam' build argument 'cmake_clean_first' from command line to 'False'
[0.961s] Level 5:colcon.colcon_core.verb:set package 'usb_cam' build argument 'cmake_force_configure' from command line to 'False'
[0.961s] Level 5:colcon.colcon_core.verb:set package 'usb_cam' build argument 'ament_cmake_args' from command line to 'None'
[0.961s] Level 5:colcon.colcon_core.verb:set package 'usb_cam' build argument 'catkin_cmake_args' from command line to 'None'
[0.961s] Level 5:colcon.colcon_core.verb:set package 'usb_cam' build argument 'catkin_skip_building_tests' from command line to 'False'
[0.961s] DEBUG:colcon.colcon_core.verb:Building package 'usb_cam' with the following arguments: {'ament_cmake_args': None, 'build_base': '/root/robot_demo/src/robot_demo/build/usb_cam', 'catkin_cmake_args': None, 'catkin_skip_building_tests': False, 'cmake_args': None, 'cmake_clean_cache': False, 'cmake_clean_first': False, 'cmake_force_configure': False, 'cmake_target': None, 'cmake_target_skip_unavailable': False, 'install_base': '/root/robot_demo/src/robot_demo/install/usb_cam', 'merge_install': False, 'path': '/root/robot_demo/src/robot_demo/usb_cam', 'symlink_install': False, 'test_result_base': None}
[0.962s] Level 5:colcon.colcon_core.verb:set package 'gmapping' build argument 'cmake_args' from command line to 'None'
[0.962s] Level 5:colcon.colcon_core.verb:set package 'gmapping' build argument 'cmake_target' from command line to 'None'
[0.962s] Level 5:colcon.colcon_core.verb:set package 'gmapping' build argument 'cmake_target_skip_unavailable' from command line to 'False'
[0.962s] Level 5:colcon.colcon_core.verb:set package 'gmapping' build argument 'cmake_clean_cache' from command line to 'False'
[0.962s] Level 5:colcon.colcon_core.verb:set package 'gmapping' build argument 'cmake_clean_first' from command line to 'False'
[0.962s] Level 5:colcon.colcon_core.verb:set package 'gmapping' build argument 'cmake_force_configure' from command line to 'False'
[0.962s] Level 5:colcon.colcon_core.verb:set package 'gmapping' build argument 'ament_cmake_args' from command line to 'None'
[0.962s] Level 5:colcon.colcon_core.verb:set package 'gmapping' build argument 'catkin_cmake_args' from command line to 'None'
[0.962s] Level 5:colcon.colcon_core.verb:set package 'gmapping' build argument 'catkin_skip_building_tests' from command line to 'False'
[0.962s] DEBUG:colcon.colcon_core.verb:Building package 'gmapping' with the following arguments: {'ament_cmake_args': None, 'build_base': '/root/robot_demo/src/robot_demo/build/gmapping', 'catkin_cmake_args': None, 'catkin_skip_building_tests': False, 'cmake_args': None, 'cmake_clean_cache': False, 'cmake_clean_first': False, 'cmake_force_configure': False, 'cmake_target': None, 'cmake_target_skip_unavailable': False, 'install_base': '/root/robot_demo/src/robot_demo/install/gmapping', 'merge_install': False, 'path': '/root/robot_demo/src/robot_demo/gmapping', 'symlink_install': False, 'test_result_base': None}
[0.962s] Level 5:colcon.colcon_core.verb:set package 'robot_base' build argument 'cmake_args' from command line to 'None'
[0.962s] Level 5:colcon.colcon_core.verb:set package 'robot_base' build argument 'cmake_target' from command line to 'None'
[0.962s] Level 5:colcon.colcon_core.verb:set package 'robot_base' build argument 'cmake_target_skip_unavailable' from command line to 'False'
[0.962s] Level 5:colcon.colcon_core.verb:set package 'robot_base' build argument 'cmake_clean_cache' from command line to 'False'
[0.962s] Level 5:colcon.colcon_core.verb:set package 'robot_base' build argument 'cmake_clean_first' from command line to 'False'
[0.962s] Level 5:colcon.colcon_core.verb:set package 'robot_base' build argument 'cmake_force_configure' from command line to 'False'
[0.962s] Level 5:colcon.colcon_core.verb:set package 'robot_base' build argument 'ament_cmake_args' from command line to 'None'
[0.962s] Level 5:colcon.colcon_core.verb:set package 'robot_base' build argument 'catkin_cmake_args' from command line to 'None'
[0.962s] Level 5:colcon.colcon_core.verb:set package 'robot_base' build argument 'catkin_skip_building_tests' from command line to 'False'
[0.962s] DEBUG:colcon.colcon_core.verb:Building package 'robot_base' with the following arguments: {'ament_cmake_args': None, 'build_base': '/root/robot_demo/src/robot_demo/build/robot_base', 'catkin_cmake_args': None, 'catkin_skip_building_tests': False, 'cmake_args': None, 'cmake_clean_cache': False, 'cmake_clean_first': False, 'cmake_force_configure': False, 'cmake_target': None, 'cmake_target_skip_unavailable': False, 'install_base': '/root/robot_demo/src/robot_demo/install/robot_base', 'merge_install': False, 'path': '/root/robot_demo/src/robot_demo/robot_base', 'symlink_install': False, 'test_result_base': None}
[0.963s] Level 5:colcon.colcon_core.verb:set package 'nav' build argument 'cmake_args' from command line to 'None'
[0.963s] Level 5:colcon.colcon_core.verb:set package 'nav' build argument 'cmake_target' from command line to 'None'
[0.963s] Level 5:colcon.colcon_core.verb:set package 'nav' build argument 'cmake_target_skip_unavailable' from command line to 'False'
[0.963s] Level 5:colcon.colcon_core.verb:set package 'nav' build argument 'cmake_clean_cache' from command line to 'False'
[0.963s] Level 5:colcon.colcon_core.verb:set package 'nav' build argument 'cmake_clean_first' from command line to 'False'
[0.963s] Level 5:colcon.colcon_core.verb:set package 'nav' build argument 'cmake_force_configure' from command line to 'False'
[0.963s] Level 5:colcon.colcon_core.verb:set package 'nav' build argument 'ament_cmake_args' from command line to 'None'
[0.963s] Level 5:colcon.colcon_core.verb:set package 'nav' build argument 'catkin_cmake_args' from command line to 'None'
[0.963s] Level 5:colcon.colcon_core.verb:set package 'nav' build argument 'catkin_skip_building_tests' from command line to 'False'
[0.963s] DEBUG:colcon.colcon_core.verb:Building package 'nav' with the following arguments: {'ament_cmake_args': None, 'build_base': '/root/robot_demo/src/robot_demo/build/nav', 'catkin_cmake_args': None, 'catkin_skip_building_tests': False, 'cmake_args': None, 'cmake_clean_cache': False, 'cmake_clean_first': False, 'cmake_force_configure': False, 'cmake_target': None, 'cmake_target_skip_unavailable': False, 'install_base': '/root/robot_demo/src/robot_demo/install/nav', 'merge_install': False, 'path': '/root/robot_demo/src/robot_demo/nav', 'symlink_install': False, 'test_result_base': None}
[0.963s] Level 5:colcon.colcon_core.verb:set package 'slam_gmapping' build argument 'cmake_args' from command line to 'None'
[0.963s] Level 5:colcon.colcon_core.verb:set package 'slam_gmapping' build argument 'cmake_target' from command line to 'None'
[0.963s] Level 5:colcon.colcon_core.verb:set package 'slam_gmapping' build argument 'cmake_target_skip_unavailable' from command line to 'False'
[0.963s] Level 5:colcon.colcon_core.verb:set package 'slam_gmapping' build argument 'cmake_clean_cache' from command line to 'False'
[0.963s] Level 5:colcon.colcon_core.verb:set package 'slam_gmapping' build argument 'cmake_clean_first' from command line to 'False'
[0.963s] Level 5:colcon.colcon_core.verb:set package 'slam_gmapping' build argument 'cmake_force_configure' from command line to 'False'
[0.963s] Level 5:colcon.colcon_core.verb:set package 'slam_gmapping' build argument 'ament_cmake_args' from command line to 'None'
[0.963s] Level 5:colcon.colcon_core.verb:set package 'slam_gmapping' build argument 'catkin_cmake_args' from command line to 'None'
[0.963s] Level 5:colcon.colcon_core.verb:set package 'slam_gmapping' build argument 'catkin_skip_building_tests' from command line to 'False'
[0.963s] DEBUG:colcon.colcon_core.verb:Building package 'slam_gmapping' with the following arguments: {'ament_cmake_args': None, 'build_base': '/root/robot_demo/src/robot_demo/build/slam_gmapping', 'catkin_cmake_args': None, 'catkin_skip_building_tests': False, 'cmake_args': None, 'cmake_clean_cache': False, 'cmake_clean_first': False, 'cmake_force_configure': False, 'cmake_target': None, 'cmake_target_skip_unavailable': False, 'install_base': '/root/robot_demo/src/robot_demo/install/slam_gmapping', 'merge_install': False, 'path': '/root/robot_demo/src/robot_demo/slam_gmapping', 'symlink_install': False, 'test_result_base': None}
[0.963s] INFO:colcon.colcon_core.executor:Executing jobs using 'parallel' executor
[0.964s] DEBUG:colcon.colcon_parallel_executor.executor.parallel:run_until_complete
[0.965s] INFO:colcon.colcon_ros.task.catkin.build:Building ROS package in '/root/robot_demo/src/robot_demo/openslam_gmapping' with build type 'catkin'
[0.965s] INFO:colcon.colcon_cmake.task.cmake.build:Building CMake package in '/root/robot_demo/src/robot_demo/openslam_gmapping'
[0.971s] INFO:colcon.colcon_core.plugin_system:Skipping extension 'colcon_core.shell.bat': Not used on non-Windows systems
[0.971s] INFO:colcon.colcon_core.shell:Skip shell extension 'powershell' for command environment: Not usable outside of PowerShell
[0.971s] DEBUG:colcon.colcon_core.shell:Skip shell extension 'dsv' for command environment
[0.978s] INFO:colcon.colcon_ros.task.ament_cmake.build:Building ROS package in '/root/robot_demo/src/robot_demo/my_msg' with build type 'ament_cmake'
[0.978s] INFO:colcon.colcon_cmake.task.cmake.build:Building CMake package in '/root/robot_demo/src/robot_demo/my_msg'
[0.979s] INFO:colcon.colcon_core.shell:Skip shell extension 'powershell' for command environment: Not usable outside of PowerShell
[0.979s] DEBUG:colcon.colcon_core.shell:Skip shell extension 'dsv' for command environment
[0.987s] INFO:colcon.colcon_ros.task.ament_cmake.build:Building ROS package in '/root/robot_demo/src/robot_demo/robot_model' with build type 'ament_cmake'
[0.988s] INFO:colcon.colcon_cmake.task.cmake.build:Building CMake package in '/root/robot_demo/src/robot_demo/robot_model'
[0.988s] INFO:colcon.colcon_core.shell:Skip shell extension 'powershell' for command environment: Not usable outside of PowerShell
[0.988s] DEBUG:colcon.colcon_core.shell:Skip shell extension 'dsv' for command environment
[0.996s] INFO:colcon.colcon_cmake.task.cmake.build:Building CMake package in '/root/robot_demo/src/robot_demo/rplidar_ros'
[0.997s] INFO:colcon.colcon_core.shell:Skip shell extension 'powershell' for command environment: Not usable outside of PowerShell
[0.997s] DEBUG:colcon.colcon_core.shell:Skip shell extension 'dsv' for command environment
[1.005s] INFO:colcon.colcon_ros.task.catkin.build:Building ROS package in '/root/robot_demo/src/robot_demo/usb_cam' with build type 'catkin'
[1.006s] INFO:colcon.colcon_cmake.task.cmake.build:Building CMake package in '/root/robot_demo/src/robot_demo/usb_cam'
[1.006s] INFO:colcon.colcon_core.shell:Skip shell extension 'powershell' for command environment: Not usable outside of PowerShell
[1.006s] DEBUG:colcon.colcon_core.shell:Skip shell extension 'dsv' for command environment
[1.020s] DEBUG:colcon.colcon_core.event_handler.log_command:Invoking command in '/root/robot_demo/src/robot_demo/build/openslam_gmapping': /usr/bin/cmake /root/robot_demo/src/robot_demo/openslam_gmapping -DCATKIN_INSTALL_INTO_PREFIX_ROOT=0 -DCMAKE_INSTALL_PREFIX=/root/robot_demo/src/robot_demo/install/openslam_gmapping
[1.036s] DEBUG:colcon.colcon_core.event_handler.log_command:Invoking command in '/root/robot_demo/src/robot_demo/build/my_msg': CMAKE_PREFIX_PATH=${CMAKE_PREFIX_PATH}:/opt/ros/foxy /usr/bin/cmake /root/robot_demo/src/robot_demo/my_msg -DCMAKE_INSTALL_PREFIX=/root/robot_demo/src/robot_demo/install/my_msg
[1.041s] DEBUG:colcon.colcon_core.event_handler.log_command:Invoking command in '/root/robot_demo/src/robot_demo/build/robot_model': CMAKE_PREFIX_PATH=${CMAKE_PREFIX_PATH}:/opt/ros/foxy /usr/bin/cmake /root/robot_demo/src/robot_demo/robot_model -DCMAKE_INSTALL_PREFIX=/root/robot_demo/src/robot_demo/install/robot_model
[1.049s] DEBUG:colcon.colcon_core.event_handler.log_command:Invoking command in '/root/robot_demo/src/robot_demo/build/rplidar_ros': /usr/bin/cmake /root/robot_demo/src/robot_demo/rplidar_ros -DCMAKE_INSTALL_PREFIX=/root/robot_demo/src/robot_demo/install/rplidar_ros
[1.063s] DEBUG:colcon.colcon_core.event_handler.log_command:Invoking command in '/root/robot_demo/src/robot_demo/build/usb_cam': /usr/bin/cmake /root/robot_demo/src/robot_demo/usb_cam -DCATKIN_INSTALL_INTO_PREFIX_ROOT=0 -DCMAKE_INSTALL_PREFIX=/root/robot_demo/src/robot_demo/install/usb_cam
[2.839s] DEBUG:colcon.colcon_core.event_handler.log_command:Invoked command in '/root/robot_demo/src/robot_demo/build/robot_model' returned '0': CMAKE_PREFIX_PATH=${CMAKE_PREFIX_PATH}:/opt/ros/foxy /usr/bin/cmake /root/robot_demo/src/robot_demo/robot_model -DCMAKE_INSTALL_PREFIX=/root/robot_demo/src/robot_demo/install/robot_model
[2.842s] DEBUG:colcon.colcon_core.event_handler.log_command:Invoking command in '/root/robot_demo/src/robot_demo/build/robot_model': CMAKE_PREFIX_PATH=${CMAKE_PREFIX_PATH}:/opt/ros/foxy /usr/bin/cmake --build /root/robot_demo/src/robot_demo/build/robot_model -- -j16 -l16
[2.883s] DEBUG:colcon.colcon_core.event_handler.log_command:Invoked command in '/root/robot_demo/src/robot_demo/build/robot_model' returned '0': CMAKE_PREFIX_PATH=${CMAKE_PREFIX_PATH}:/opt/ros/foxy /usr/bin/cmake --build /root/robot_demo/src/robot_demo/build/robot_model -- -j16 -l16
[2.899s] DEBUG:colcon.colcon_core.event_handler.log_command:Invoking command in '/root/robot_demo/src/robot_demo/build/robot_model': CMAKE_PREFIX_PATH=${CMAKE_PREFIX_PATH}:/opt/ros/foxy /usr/bin/cmake --install /root/robot_demo/src/robot_demo/build/robot_model
[2.923s] Level 1:colcon.colcon_core.environment:create_environment_scripts_only(robot_model)
[2.925s] DEBUG:colcon.colcon_core.event_handler.log_command:Invoked command in '/root/robot_demo/src/robot_demo/build/robot_model' returned '0': CMAKE_PREFIX_PATH=${CMAKE_PREFIX_PATH}:/opt/ros/foxy /usr/bin/cmake --install /root/robot_demo/src/robot_demo/build/robot_model
[2.933s] Level 1:colcon.colcon_core.environment:checking '/root/robot_demo/src/robot_demo/install/robot_model' for CMake module files
[2.933s] Level 1:colcon.colcon_core.environment:checking '/root/robot_demo/src/robot_demo/install/robot_model' for CMake config files
[2.933s] Level 1:colcon.colcon_core.shell:create_environment_hook('robot_model', 'cmake_prefix_path')
[2.934s] INFO:colcon.colcon_core.shell:Creating environment hook '/root/robot_demo/src/robot_demo/install/robot_model/share/robot_model/hook/cmake_prefix_path.ps1'
[2.935s] INFO:colcon.colcon_core.shell:Creating environment descriptor '/root/robot_demo/src/robot_demo/install/robot_model/share/robot_model/hook/cmake_prefix_path.dsv'
[2.936s] INFO:colcon.colcon_core.shell:Creating environment hook '/root/robot_demo/src/robot_demo/install/robot_model/share/robot_model/hook/cmake_prefix_path.sh'
[2.938s] Level 1:colcon.colcon_core.environment:checking '/root/robot_demo/src/robot_demo/install/robot_model/bin'
[2.938s] Level 1:colcon.colcon_core.environment:checking '/root/robot_demo/src/robot_demo/install/robot_model/lib/pkgconfig/robot_model.pc'
[2.938s] Level 1:colcon.colcon_core.environment:checking '/root/robot_demo/src/robot_demo/install/robot_model/lib/python3.8/site-packages'
[2.939s] Level 1:colcon.colcon_core.environment:checking '/root/robot_demo/src/robot_demo/install/robot_model/bin'
[2.939s] INFO:colcon.colcon_core.shell:Creating package script '/root/robot_demo/src/robot_demo/install/robot_model/share/robot_model/package.ps1'
[2.940s] INFO:colcon.colcon_core.shell:Creating package descriptor '/root/robot_demo/src/robot_demo/install/robot_model/share/robot_model/package.dsv'
[2.942s] INFO:colcon.colcon_core.shell:Creating package script '/root/robot_demo/src/robot_demo/install/robot_model/share/robot_model/package.sh'
[2.943s] INFO:colcon.colcon_core.shell:Creating package script '/root/robot_demo/src/robot_demo/install/robot_model/share/robot_model/package.bash'
[2.944s] INFO:colcon.colcon_core.shell:Creating package script '/root/robot_demo/src/robot_demo/install/robot_model/share/robot_model/package.zsh'
[2.948s] Level 1:colcon.colcon_core.environment:create_file_with_runtime_dependencies(/root/robot_demo/src/robot_demo/install/robot_model/share/colcon-core/packages/robot_model)
[2.950s] Level 1:colcon.colcon_core.environment:create_environment_scripts_only(robot_model)
[2.950s] Level 1:colcon.colcon_core.environment:checking '/root/robot_demo/src/robot_demo/install/robot_model' for CMake module files
[2.950s] Level 1:colcon.colcon_core.environment:checking '/root/robot_demo/src/robot_demo/install/robot_model' for CMake config files
[2.951s] Level 1:colcon.colcon_core.shell:create_environment_hook('robot_model', 'cmake_prefix_path')
[2.951s] INFO:colcon.colcon_core.shell:Creating environment hook '/root/robot_demo/src/robot_demo/install/robot_model/share/robot_model/hook/cmake_prefix_path.ps1'
[2.952s] INFO:colcon.colcon_core.shell:Creating environment descriptor '/root/robot_demo/src/robot_demo/install/robot_model/share/robot_model/hook/cmake_prefix_path.dsv'
[2.953s] INFO:colcon.colcon_core.shell:Creating environment hook '/root/robot_demo/src/robot_demo/install/robot_model/share/robot_model/hook/cmake_prefix_path.sh'
[2.954s] Level 1:colcon.colcon_core.environment:checking '/root/robot_demo/src/robot_demo/install/robot_model/bin'
[2.955s] Level 1:colcon.colcon_core.environment:checking '/root/robot_demo/src/robot_demo/install/robot_model/lib/pkgconfig/robot_model.pc'
[2.955s] Level 1:colcon.colcon_core.environment:checking '/root/robot_demo/src/robot_demo/install/robot_model/lib/python3.8/site-packages'
[2.955s] Level 1:colcon.colcon_core.environment:checking '/root/robot_demo/src/robot_demo/install/robot_model/bin'
[2.956s] INFO:colcon.colcon_core.shell:Creating package script '/root/robot_demo/src/robot_demo/install/robot_model/share/robot_model/package.ps1'
[2.957s] INFO:colcon.colcon_core.shell:Creating package descriptor '/root/robot_demo/src/robot_demo/install/robot_model/share/robot_model/package.dsv'
[2.958s] INFO:colcon.colcon_core.shell:Creating package script '/root/robot_demo/src/robot_demo/install/robot_model/share/robot_model/package.sh'
[2.959s] INFO:colcon.colcon_core.shell:Creating package script '/root/robot_demo/src/robot_demo/install/robot_model/share/robot_model/package.bash'
[2.960s] INFO:colcon.colcon_core.shell:Creating package script '/root/robot_demo/src/robot_demo/install/robot_model/share/robot_model/package.zsh'
[2.961s] Level 1:colcon.colcon_core.environment:create_file_with_runtime_dependencies(/root/robot_demo/src/robot_demo/install/robot_model/share/colcon-core/packages/robot_model)
[2.965s] DEBUG:colcon.colcon_core.event_handler.log_command:Invoked command in '/root/robot_demo/src/robot_demo/build/usb_cam' returned '1': /usr/bin/cmake /root/robot_demo/src/robot_demo/usb_cam -DCATKIN_INSTALL_INTO_PREFIX_ROOT=0 -DCMAKE_INSTALL_PREFIX=/root/robot_demo/src/robot_demo/install/usb_cam
[2.984s] Level 1:colcon.colcon_core.environment:create_environment_scripts_only(usb_cam)
[2.985s] Level 1:colcon.colcon_core.environment:checking '/root/robot_demo/src/robot_demo/install/usb_cam' for CMake module files
[2.986s] Level 1:colcon.colcon_core.environment:checking '/root/robot_demo/src/robot_demo/install/usb_cam' for CMake config files
[2.986s] Level 1:colcon.colcon_core.environment:checking '/root/robot_demo/src/robot_demo/install/usb_cam/bin'
[2.987s] Level 1:colcon.colcon_core.environment:checking '/root/robot_demo/src/robot_demo/install/usb_cam/lib/pkgconfig/usb_cam.pc'
[2.987s] Level 1:colcon.colcon_core.environment:checking '/root/robot_demo/src/robot_demo/install/usb_cam/lib/python3.8/site-packages'
[2.987s] Level 1:colcon.colcon_core.environment:checking '/root/robot_demo/src/robot_demo/install/usb_cam/bin'
[2.988s] INFO:colcon.colcon_core.shell:Creating package script '/root/robot_demo/src/robot_demo/install/usb_cam/share/usb_cam/package.ps1'
[2.990s] INFO:colcon.colcon_core.shell:Creating package descriptor '/root/robot_demo/src/robot_demo/install/usb_cam/share/usb_cam/package.dsv'
[2.990s] INFO:colcon.colcon_core.shell:Creating package script '/root/robot_demo/src/robot_demo/install/usb_cam/share/usb_cam/package.sh'
[2.991s] INFO:colcon.colcon_core.shell:Creating package script '/root/robot_demo/src/robot_demo/install/usb_cam/share/usb_cam/package.bash'
[2.992s] INFO:colcon.colcon_core.shell:Creating package script '/root/robot_demo/src/robot_demo/install/usb_cam/share/usb_cam/package.zsh'
[2.992s] Level 1:colcon.colcon_core.environment:create_file_with_runtime_dependencies(/root/robot_demo/src/robot_demo/install/usb_cam/share/colcon-core/packages/usb_cam)
[10.488s] DEBUG:colcon.colcon_parallel_executor.executor.parallel:closing loop
[10.488s] DEBUG:colcon.colcon_parallel_executor.executor.parallel:loop closed
[10.488s] DEBUG:colcon.colcon_parallel_executor.executor.parallel:run_until_complete finished with '1'
[10.488s] DEBUG:colcon.colcon_core.event_reactor:joining thread
[10.539s] INFO:colcon.colcon_core.plugin_system:Skipping extension 'colcon_notification.desktop_notification.notify_send': Could not find 'notify-send'
[10.539s] INFO:colcon.colcon_core.plugin_system:Skipping extension 'colcon_notification.desktop_notification.terminal_notifier': Not used on non-Darwin systems
[10.539s] INFO:colcon.colcon_core.plugin_system:Skipping extension 'colcon_notification.desktop_notification.win32': Not used on non-Windows systems
[10.539s] INFO:colcon.colcon_notification.desktop_notification:Sending desktop notification using 'notify2'
[10.550s] DEBUG:colcon.colcon_notification.desktop_notification.notify2:Failed to initialize notify2: org.freedesktop.DBus.Error.ServiceUnknown: The name org.freedesktop.Notifications was not provided by any .service files
[10.550s] DEBUG:colcon.colcon_core.event_reactor:joined thread
[10.551s] INFO:colcon.colcon_core.shell:Creating prefix script '/root/robot_demo/src/robot_demo/install/local_setup.ps1'
[10.552s] INFO:colcon.colcon_core.shell:Creating prefix util module '/root/robot_demo/src/robot_demo/install/_local_setup_util_ps1.py'
[10.554s] INFO:colcon.colcon_core.shell:Creating prefix chain script '/root/robot_demo/src/robot_demo/install/setup.ps1'
[10.556s] INFO:colcon.colcon_core.shell:Creating prefix script '/root/robot_demo/src/robot_demo/install/local_setup.sh'
[10.557s] INFO:colcon.colcon_core.shell:Creating prefix util module '/root/robot_demo/src/robot_demo/install/_local_setup_util_sh.py'
[10.558s] INFO:colcon.colcon_core.shell:Creating prefix chain script '/root/robot_demo/src/robot_demo/install/setup.sh'
[10.559s] INFO:colcon.colcon_core.shell:Creating prefix script '/root/robot_demo/src/robot_demo/install/local_setup.bash'
[10.560s] INFO:colcon.colcon_core.shell:Creating prefix chain script '/root/robot_demo/src/robot_demo/install/setup.bash'
[10.562s] INFO:colcon.colcon_core.shell:Creating prefix script '/root/robot_demo/src/robot_demo/install/local_setup.zsh'
[10.563s] INFO:colcon.colcon_core.shell:Creating prefix chain script '/root/robot_demo/src/robot_demo/install/setup.zsh'
