[0.469s] DEBUG:colcon:Command line arguments: ['/usr/bin/colcon', 'build', '--packages-select', 'rplidar_ros']
[0.469s] DEBUG:colcon:Parsed command line arguments: Namespace(allow_overriding=[], ament_cmake_args=None, base_paths=['.'], build_base='build', catkin_cmake_args=None, catkin_skip_building_tests=False, cmake_args=None, cmake_clean_cache=False, cmake_clean_first=False, cmake_force_configure=False, cmake_target=None, cmake_target_skip_unavailable=False, continue_on_error=False, event_handlers=None, executor='parallel', ignore_user_meta=False, install_base='install', log_base=None, log_level=None, main=<bound method BuildVerb.main of <colcon_core.verb.build.BuildVerb object at 0x7fc87cdfc0a0>>, merge_install=False, metas=['./colcon.meta'], mixin=None, mixin_files=None, mixin_verb=('build',), packages_above=None, packages_above_and_dependencies=None, packages_above_depth=None, packages_end=None, packages_ignore=None, packages_ignore_regex=None, packages_select=['rplidar_ros'], packages_select_build_failed=False, packages_select_by_dep=None, packages_select_regex=None, packages_select_test_failures=False, packages_skip=None, packages_skip_build_finished=False, packages_skip_by_dep=None, packages_skip_regex=None, packages_skip_test_passed=False, packages_skip_up_to=None, packages_start=None, packages_up_to=None, packages_up_to_regex=None, parallel_workers=16, paths=None, symlink_install=False, test_result_base=None, verb_extension=<colcon_core.verb.build.BuildVerb object at 0x7fc87cdfc0a0>, verb_name='build', verb_parser=<colcon_mixin.mixin.mixin_argument.MixinArgumentDecorator object at 0x7fc87cdfcc10>)
[0.697s] Level 1:colcon.colcon_core.package_discovery:discover_packages(colcon_meta) check parameters
[0.697s] Level 1:colcon.colcon_core.package_discovery:discover_packages(recursive) check parameters
[0.698s] Level 1:colcon.colcon_core.package_discovery:discover_packages(ignore) check parameters
[0.698s] Level 1:colcon.colcon_core.package_discovery:discover_packages(path) check parameters
[0.698s] Level 1:colcon.colcon_core.package_discovery:discover_packages(colcon_meta) discover
[0.698s] Level 1:colcon.colcon_core.package_discovery:discover_packages(recursive) discover
[0.698s] INFO:colcon.colcon_core.package_discovery:Crawling recursively for packages in '/root/robot_demo/src/robot_demo'
[0.698s] Level 1:colcon.colcon_core.package_identification:_identify(.) by extensions ['ignore', 'ignore_ament_install']
[0.698s] Level 1:colcon.colcon_core.package_identification:_identify(.) by extension 'ignore'
[0.698s] Level 1:colcon.colcon_core.package_identification:_identify(.) by extension 'ignore_ament_install'
[0.698s] Level 1:colcon.colcon_core.package_identification:_identify(.) by extensions ['colcon_pkg']
[0.698s] Level 1:colcon.colcon_core.package_identification:_identify(.) by extension 'colcon_pkg'
[0.698s] Level 1:colcon.colcon_core.package_identification:_identify(.) by extensions ['colcon_meta']
[0.698s] Level 1:colcon.colcon_core.package_identification:_identify(.) by extension 'colcon_meta'
[0.698s] Level 1:colcon.colcon_core.package_identification:_identify(.) by extensions ['ros']
[0.698s] Level 1:colcon.colcon_core.package_identification:_identify(.) by extension 'ros'
[0.713s] Level 1:colcon.colcon_core.package_identification:_identify(.) by extensions ['cmake', 'python']
[0.713s] Level 1:colcon.colcon_core.package_identification:_identify(.) by extension 'cmake'
[0.713s] Level 1:colcon.colcon_core.package_identification:_identify(.) by extension 'python'
[0.713s] Level 1:colcon.colcon_core.package_identification:_identify(.) by extensions ['python_setup_py']
[0.713s] Level 1:colcon.colcon_core.package_identification:_identify(.) by extension 'python_setup_py'
[0.713s] Level 1:colcon.colcon_core.package_identification:_identify(build) by extensions ['ignore', 'ignore_ament_install']
[0.713s] Level 1:colcon.colcon_core.package_identification:_identify(build) by extension 'ignore'
[0.713s] Level 1:colcon.colcon_core.package_identification:_identify(build) ignored
[0.714s] Level 1:colcon.colcon_core.package_identification:_identify(gmapping) by extensions ['ignore', 'ignore_ament_install']
[0.714s] Level 1:colcon.colcon_core.package_identification:_identify(gmapping) by extension 'ignore'
[0.714s] Level 1:colcon.colcon_core.package_identification:_identify(gmapping) by extension 'ignore_ament_install'
[0.714s] Level 1:colcon.colcon_core.package_identification:_identify(gmapping) by extensions ['colcon_pkg']
[0.714s] Level 1:colcon.colcon_core.package_identification:_identify(gmapping) by extension 'colcon_pkg'
[0.714s] Level 1:colcon.colcon_core.package_identification:_identify(gmapping) by extensions ['colcon_meta']
[0.714s] Level 1:colcon.colcon_core.package_identification:_identify(gmapping) by extension 'colcon_meta'
[0.714s] Level 1:colcon.colcon_core.package_identification:_identify(gmapping) by extensions ['ros']
[0.714s] Level 1:colcon.colcon_core.package_identification:_identify(gmapping) by extension 'ros'
[0.717s] DEBUG:colcon.colcon_core.package_identification:Package 'gmapping' with type 'ros.catkin' and name 'gmapping'
[0.717s] Level 1:colcon.colcon_core.package_identification:_identify(install) by extensions ['ignore', 'ignore_ament_install']
[0.718s] Level 1:colcon.colcon_core.package_identification:_identify(install) by extension 'ignore'
[0.718s] Level 1:colcon.colcon_core.package_identification:_identify(install) ignored
[0.718s] Level 1:colcon.colcon_core.package_identification:_identify(log) by extensions ['ignore', 'ignore_ament_install']
[0.718s] Level 1:colcon.colcon_core.package_identification:_identify(log) by extension 'ignore'
[0.718s] Level 1:colcon.colcon_core.package_identification:_identify(log) ignored
[0.718s] Level 1:colcon.colcon_core.package_identification:_identify(my_msg) by extensions ['ignore', 'ignore_ament_install']
[0.718s] Level 1:colcon.colcon_core.package_identification:_identify(my_msg) by extension 'ignore'
[0.718s] Level 1:colcon.colcon_core.package_identification:_identify(my_msg) by extension 'ignore_ament_install'
[0.718s] Level 1:colcon.colcon_core.package_identification:_identify(my_msg) by extensions ['colcon_pkg']
[0.718s] Level 1:colcon.colcon_core.package_identification:_identify(my_msg) by extension 'colcon_pkg'
[0.718s] Level 1:colcon.colcon_core.package_identification:_identify(my_msg) by extensions ['colcon_meta']
[0.718s] Level 1:colcon.colcon_core.package_identification:_identify(my_msg) by extension 'colcon_meta'
[0.718s] Level 1:colcon.colcon_core.package_identification:_identify(my_msg) by extensions ['ros']
[0.718s] Level 1:colcon.colcon_core.package_identification:_identify(my_msg) by extension 'ros'
[0.719s] DEBUG:colcon.colcon_core.package_identification:Package 'my_msg' with type 'ros.ament_cmake' and name 'my_msg'
[0.719s] Level 1:colcon.colcon_core.package_identification:_identify(nav) by extensions ['ignore', 'ignore_ament_install']
[0.719s] Level 1:colcon.colcon_core.package_identification:_identify(nav) by extension 'ignore'
[0.720s] Level 1:colcon.colcon_core.package_identification:_identify(nav) by extension 'ignore_ament_install'
[0.720s] Level 1:colcon.colcon_core.package_identification:_identify(nav) by extensions ['colcon_pkg']
[0.720s] Level 1:colcon.colcon_core.package_identification:_identify(nav) by extension 'colcon_pkg'
[0.720s] Level 1:colcon.colcon_core.package_identification:_identify(nav) by extensions ['colcon_meta']
[0.720s] Level 1:colcon.colcon_core.package_identification:_identify(nav) by extension 'colcon_meta'
[0.720s] Level 1:colcon.colcon_core.package_identification:_identify(nav) by extensions ['ros']
[0.720s] Level 1:colcon.colcon_core.package_identification:_identify(nav) by extension 'ros'
[0.721s] DEBUG:colcon.colcon_core.package_identification:Package 'nav' with type 'ros.catkin' and name 'nav'
[0.721s] Level 1:colcon.colcon_core.package_identification:_identify(openslam_gmapping) by extensions ['ignore', 'ignore_ament_install']
[0.721s] Level 1:colcon.colcon_core.package_identification:_identify(openslam_gmapping) by extension 'ignore'
[0.721s] Level 1:colcon.colcon_core.package_identification:_identify(openslam_gmapping) by extension 'ignore_ament_install'
[0.721s] Level 1:colcon.colcon_core.package_identification:_identify(openslam_gmapping) by extensions ['colcon_pkg']
[0.721s] Level 1:colcon.colcon_core.package_identification:_identify(openslam_gmapping) by extension 'colcon_pkg'
[0.721s] Level 1:colcon.colcon_core.package_identification:_identify(openslam_gmapping) by extensions ['colcon_meta']
[0.721s] Level 1:colcon.colcon_core.package_identification:_identify(openslam_gmapping) by extension 'colcon_meta'
[0.721s] Level 1:colcon.colcon_core.package_identification:_identify(openslam_gmapping) by extensions ['ros']
[0.721s] Level 1:colcon.colcon_core.package_identification:_identify(openslam_gmapping) by extension 'ros'
[0.722s] DEBUG:colcon.colcon_core.package_identification:Package 'openslam_gmapping' with type 'ros.catkin' and name 'openslam_gmapping'
[0.722s] Level 1:colcon.colcon_core.package_identification:_identify(robot_base) by extensions ['ignore', 'ignore_ament_install']
[0.722s] Level 1:colcon.colcon_core.package_identification:_identify(robot_base) by extension 'ignore'
[0.722s] Level 1:colcon.colcon_core.package_identification:_identify(robot_base) by extension 'ignore_ament_install'
[0.722s] Level 1:colcon.colcon_core.package_identification:_identify(robot_base) by extensions ['colcon_pkg']
[0.722s] Level 1:colcon.colcon_core.package_identification:_identify(robot_base) by extension 'colcon_pkg'
[0.722s] Level 1:colcon.colcon_core.package_identification:_identify(robot_base) by extensions ['colcon_meta']
[0.722s] Level 1:colcon.colcon_core.package_identification:_identify(robot_base) by extension 'colcon_meta'
[0.722s] Level 1:colcon.colcon_core.package_identification:_identify(robot_base) by extensions ['ros']
[0.722s] Level 1:colcon.colcon_core.package_identification:_identify(robot_base) by extension 'ros'
[0.724s] DEBUG:colcon.colcon_core.package_identification:Package 'robot_base' with type 'ros.ament_cmake' and name 'robot_base'
[0.725s] Level 1:colcon.colcon_core.package_identification:_identify(robot_model) by extensions ['ignore', 'ignore_ament_install']
[0.725s] Level 1:colcon.colcon_core.package_identification:_identify(robot_model) by extension 'ignore'
[0.725s] Level 1:colcon.colcon_core.package_identification:_identify(robot_model) by extension 'ignore_ament_install'
[0.725s] Level 1:colcon.colcon_core.package_identification:_identify(robot_model) by extensions ['colcon_pkg']
[0.725s] Level 1:colcon.colcon_core.package_identification:_identify(robot_model) by extension 'colcon_pkg'
[0.725s] Level 1:colcon.colcon_core.package_identification:_identify(robot_model) by extensions ['colcon_meta']
[0.725s] Level 1:colcon.colcon_core.package_identification:_identify(robot_model) by extension 'colcon_meta'
[0.725s] Level 1:colcon.colcon_core.package_identification:_identify(robot_model) by extensions ['ros']
[0.725s] Level 1:colcon.colcon_core.package_identification:_identify(robot_model) by extension 'ros'
[0.726s] DEBUG:colcon.colcon_core.package_identification:Package 'robot_model' with type 'ros.ament_cmake' and name 'robot_model'
[0.726s] Level 1:colcon.colcon_core.package_identification:_identify(rplidar_ros) by extensions ['ignore', 'ignore_ament_install']
[0.726s] Level 1:colcon.colcon_core.package_identification:_identify(rplidar_ros) by extension 'ignore'
[0.726s] Level 1:colcon.colcon_core.package_identification:_identify(rplidar_ros) by extension 'ignore_ament_install'
[0.726s] Level 1:colcon.colcon_core.package_identification:_identify(rplidar_ros) by extensions ['colcon_pkg']
[0.726s] Level 1:colcon.colcon_core.package_identification:_identify(rplidar_ros) by extension 'colcon_pkg'
[0.726s] Level 1:colcon.colcon_core.package_identification:_identify(rplidar_ros) by extensions ['colcon_meta']
[0.726s] Level 1:colcon.colcon_core.package_identification:_identify(rplidar_ros) by extension 'colcon_meta'
[0.727s] Level 1:colcon.colcon_core.package_identification:_identify(rplidar_ros) by extensions ['ros']
[0.727s] Level 1:colcon.colcon_core.package_identification:_identify(rplidar_ros) by extension 'ros'
[0.728s] DEBUG:colcon.colcon_core.package_identification:Package 'rplidar_ros' with type 'ros.catkin' and name 'rplidar_ros'
[0.728s] Level 1:colcon.colcon_core.package_identification:_identify(slam_gmapping) by extensions ['ignore', 'ignore_ament_install']
[0.728s] Level 1:colcon.colcon_core.package_identification:_identify(slam_gmapping) by extension 'ignore'
[0.728s] Level 1:colcon.colcon_core.package_identification:_identify(slam_gmapping) by extension 'ignore_ament_install'
[0.729s] Level 1:colcon.colcon_core.package_identification:_identify(slam_gmapping) by extensions ['colcon_pkg']
[0.729s] Level 1:colcon.colcon_core.package_identification:_identify(slam_gmapping) by extension 'colcon_pkg'
[0.729s] Level 1:colcon.colcon_core.package_identification:_identify(slam_gmapping) by extensions ['colcon_meta']
[0.729s] Level 1:colcon.colcon_core.package_identification:_identify(slam_gmapping) by extension 'colcon_meta'
[0.729s] Level 1:colcon.colcon_core.package_identification:_identify(slam_gmapping) by extensions ['ros']
[0.729s] Level 1:colcon.colcon_core.package_identification:_identify(slam_gmapping) by extension 'ros'
[0.730s] DEBUG:colcon.colcon_core.package_identification:Package 'slam_gmapping' with type 'ros.catkin' and name 'slam_gmapping'
[0.730s] Level 1:colcon.colcon_core.package_identification:_identify(usb_cam) by extensions ['ignore', 'ignore_ament_install']
[0.730s] Level 1:colcon.colcon_core.package_identification:_identify(usb_cam) by extension 'ignore'
[0.730s] Level 1:colcon.colcon_core.package_identification:_identify(usb_cam) by extension 'ignore_ament_install'
[0.730s] Level 1:colcon.colcon_core.package_identification:_identify(usb_cam) by extensions ['colcon_pkg']
[0.730s] Level 1:colcon.colcon_core.package_identification:_identify(usb_cam) by extension 'colcon_pkg'
[0.730s] Level 1:colcon.colcon_core.package_identification:_identify(usb_cam) by extensions ['colcon_meta']
[0.730s] Level 1:colcon.colcon_core.package_identification:_identify(usb_cam) by extension 'colcon_meta'
[0.730s] Level 1:colcon.colcon_core.package_identification:_identify(usb_cam) by extensions ['ros']
[0.730s] Level 1:colcon.colcon_core.package_identification:_identify(usb_cam) by extension 'ros'
[0.731s] DEBUG:colcon.colcon_core.package_identification:Package 'usb_cam' with type 'ros.catkin' and name 'usb_cam'
[0.731s] Level 1:colcon.colcon_core.package_discovery:discover_packages(recursive) using defaults
[0.731s] Level 1:colcon.colcon_core.package_discovery:discover_packages(ignore) discover
[0.731s] Level 1:colcon.colcon_core.package_discovery:discover_packages(ignore) using defaults
[0.731s] Level 1:colcon.colcon_core.package_discovery:discover_packages(path) discover
[0.731s] Level 1:colcon.colcon_core.package_discovery:discover_packages(path) using defaults
[0.760s] INFO:colcon.colcon_core.package_selection:Skipping not selected package 'my_msg' in 'my_msg'
[0.760s] INFO:colcon.colcon_core.package_selection:Skipping not selected package 'openslam_gmapping' in 'openslam_gmapping'
[0.760s] INFO:colcon.colcon_core.package_selection:Skipping not selected package 'robot_model' in 'robot_model'
[0.760s] INFO:colcon.colcon_core.package_selection:Skipping not selected package 'usb_cam' in 'usb_cam'
[0.760s] INFO:colcon.colcon_core.package_selection:Skipping not selected package 'gmapping' in 'gmapping'
[0.760s] INFO:colcon.colcon_core.package_selection:Skipping not selected package 'robot_base' in 'robot_base'
[0.760s] INFO:colcon.colcon_core.package_selection:Skipping not selected package 'nav' in 'nav'
[0.760s] INFO:colcon.colcon_core.package_selection:Skipping not selected package 'slam_gmapping' in 'slam_gmapping'
[0.761s] Level 1:colcon.colcon_core.package_discovery:discover_packages(prefix_path) check parameters
[0.761s] Level 1:colcon.colcon_core.package_discovery:discover_packages(prefix_path) discover
[0.766s] DEBUG:colcon.colcon_installed_package_information.package_discovery:Found 4 installed packages in /root/robot_demo/install
[0.769s] DEBUG:colcon.colcon_installed_package_information.package_discovery:Found 380 installed packages in /opt/ros/foxy
[0.782s] Level 1:colcon.colcon_core.package_discovery:discover_packages(prefix_path) using defaults
[0.952s] Level 5:colcon.colcon_core.verb:set package 'rplidar_ros' build argument 'cmake_args' from command line to 'None'
[0.952s] Level 5:colcon.colcon_core.verb:set package 'rplidar_ros' build argument 'cmake_target' from command line to 'None'
[0.952s] Level 5:colcon.colcon_core.verb:set package 'rplidar_ros' build argument 'cmake_target_skip_unavailable' from command line to 'False'
[0.952s] Level 5:colcon.colcon_core.verb:set package 'rplidar_ros' build argument 'cmake_clean_cache' from command line to 'False'
[0.952s] Level 5:colcon.colcon_core.verb:set package 'rplidar_ros' build argument 'cmake_clean_first' from command line to 'False'
[0.952s] Level 5:colcon.colcon_core.verb:set package 'rplidar_ros' build argument 'cmake_force_configure' from command line to 'False'
[0.952s] Level 5:colcon.colcon_core.verb:set package 'rplidar_ros' build argument 'ament_cmake_args' from command line to 'None'
[0.952s] Level 5:colcon.colcon_core.verb:set package 'rplidar_ros' build argument 'catkin_cmake_args' from command line to 'None'
[0.952s] Level 5:colcon.colcon_core.verb:set package 'rplidar_ros' build argument 'catkin_skip_building_tests' from command line to 'False'
[0.952s] DEBUG:colcon.colcon_core.verb:Building package 'rplidar_ros' with the following arguments: {'ament_cmake_args': None, 'build_base': '/root/robot_demo/src/robot_demo/build/rplidar_ros', 'catkin_cmake_args': None, 'catkin_skip_building_tests': False, 'cmake_args': None, 'cmake_clean_cache': False, 'cmake_clean_first': False, 'cmake_force_configure': False, 'cmake_target': None, 'cmake_target_skip_unavailable': False, 'install_base': '/root/robot_demo/src/robot_demo/install/rplidar_ros', 'merge_install': False, 'path': '/root/robot_demo/src/robot_demo/rplidar_ros', 'symlink_install': False, 'test_result_base': None}
[0.952s] INFO:colcon.colcon_core.executor:Executing jobs using 'parallel' executor
[0.953s] DEBUG:colcon.colcon_parallel_executor.executor.parallel:run_until_complete
[0.954s] INFO:colcon.colcon_ros.task.catkin.build:Building ROS package in '/root/robot_demo/src/robot_demo/rplidar_ros' with build type 'catkin'
[0.954s] INFO:colcon.colcon_cmake.task.cmake.build:Building CMake package in '/root/robot_demo/src/robot_demo/rplidar_ros'
[0.960s] INFO:colcon.colcon_core.plugin_system:Skipping extension 'colcon_core.shell.bat': Not used on non-Windows systems
[0.960s] INFO:colcon.colcon_core.shell:Skip shell extension 'powershell' for command environment: Not usable outside of PowerShell
[0.960s] DEBUG:colcon.colcon_core.shell:Skip shell extension 'dsv' for command environment
[0.973s] DEBUG:colcon.colcon_core.event_handler.log_command:Invoking command in '/root/robot_demo/src/robot_demo/build/rplidar_ros': /usr/bin/cmake /root/robot_demo/src/robot_demo/rplidar_ros -DCATKIN_INSTALL_INTO_PREFIX_ROOT=0 -DCMAKE_INSTALL_PREFIX=/root/robot_demo/src/robot_demo/install/rplidar_ros
[5.948s] DEBUG:colcon.colcon_core.event_handler.log_command:Invoked command in '/root/robot_demo/src/robot_demo/build/rplidar_ros' returned '0': /usr/bin/cmake /root/robot_demo/src/robot_demo/rplidar_ros -DCATKIN_INSTALL_INTO_PREFIX_ROOT=0 -DCMAKE_INSTALL_PREFIX=/root/robot_demo/src/robot_demo/install/rplidar_ros
[5.953s] DEBUG:colcon.colcon_core.event_handler.log_command:Invoking command in '/root/robot_demo/src/robot_demo/build/rplidar_ros': /usr/bin/cmake --build /root/robot_demo/src/robot_demo/build/rplidar_ros -- -j16 -l16
[6.811s] DEBUG:colcon.colcon_core.event_handler.log_command:Invoked command in '/root/robot_demo/src/robot_demo/build/rplidar_ros' returned '2': /usr/bin/cmake --build /root/robot_demo/src/robot_demo/build/rplidar_ros -- -j16 -l16
[6.811s] Level 1:colcon.colcon_core.shell:create_environment_hook('rplidar_ros', 'ros_package_path')
[6.812s] INFO:colcon.colcon_core.shell:Creating environment hook '/root/robot_demo/src/robot_demo/install/rplidar_ros/share/rplidar_ros/hook/ros_package_path.ps1'
[6.813s] INFO:colcon.colcon_core.shell:Creating environment descriptor '/root/robot_demo/src/robot_demo/install/rplidar_ros/share/rplidar_ros/hook/ros_package_path.dsv'
[6.814s] INFO:colcon.colcon_core.shell:Creating environment hook '/root/robot_demo/src/robot_demo/install/rplidar_ros/share/rplidar_ros/hook/ros_package_path.sh'
[6.815s] Level 1:colcon.colcon_core.shell:create_environment_hook('rplidar_ros', 'pkg_config_path')
[6.815s] INFO:colcon.colcon_core.shell:Creating environment hook '/root/robot_demo/src/robot_demo/install/rplidar_ros/share/rplidar_ros/hook/pkg_config_path.ps1'
[6.815s] INFO:colcon.colcon_core.shell:Creating environment descriptor '/root/robot_demo/src/robot_demo/install/rplidar_ros/share/rplidar_ros/hook/pkg_config_path.dsv'
[6.815s] INFO:colcon.colcon_core.shell:Creating environment hook '/root/robot_demo/src/robot_demo/install/rplidar_ros/share/rplidar_ros/hook/pkg_config_path.sh'
[6.824s] Level 1:colcon.colcon_core.shell:create_environment_hook('rplidar_ros', 'pkg_config_path_multiarch')
[6.825s] INFO:colcon.colcon_core.shell:Creating environment hook '/root/robot_demo/src/robot_demo/install/rplidar_ros/share/rplidar_ros/hook/pkg_config_path_multiarch.ps1'
[6.825s] INFO:colcon.colcon_core.shell:Creating environment descriptor '/root/robot_demo/src/robot_demo/install/rplidar_ros/share/rplidar_ros/hook/pkg_config_path_multiarch.dsv'
[6.826s] INFO:colcon.colcon_core.shell:Creating environment hook '/root/robot_demo/src/robot_demo/install/rplidar_ros/share/rplidar_ros/hook/pkg_config_path_multiarch.sh'
[6.827s] Level 1:colcon.colcon_core.environment:create_environment_scripts_only(rplidar_ros)
[6.834s] Level 1:colcon.colcon_core.environment:checking '/root/robot_demo/src/robot_demo/install/rplidar_ros' for CMake module files
[6.834s] Level 1:colcon.colcon_core.environment:checking '/root/robot_demo/src/robot_demo/install/rplidar_ros' for CMake config files
[6.834s] Level 1:colcon.colcon_core.environment:checking '/root/robot_demo/src/robot_demo/install/rplidar_ros/bin'
[6.835s] Level 1:colcon.colcon_core.environment:checking '/root/robot_demo/src/robot_demo/install/rplidar_ros/lib/pkgconfig/rplidar_ros.pc'
[6.835s] Level 1:colcon.colcon_core.environment:checking '/root/robot_demo/src/robot_demo/install/rplidar_ros/lib/python3.8/site-packages'
[6.835s] Level 1:colcon.colcon_core.environment:checking '/root/robot_demo/src/robot_demo/install/rplidar_ros/bin'
[6.835s] INFO:colcon.colcon_core.shell:Creating package script '/root/robot_demo/src/robot_demo/install/rplidar_ros/share/rplidar_ros/package.ps1'
[6.836s] INFO:colcon.colcon_core.shell:Creating package descriptor '/root/robot_demo/src/robot_demo/install/rplidar_ros/share/rplidar_ros/package.dsv'
[6.837s] INFO:colcon.colcon_core.shell:Creating package script '/root/robot_demo/src/robot_demo/install/rplidar_ros/share/rplidar_ros/package.sh'
[6.839s] INFO:colcon.colcon_core.shell:Creating package script '/root/robot_demo/src/robot_demo/install/rplidar_ros/share/rplidar_ros/package.bash'
[6.840s] INFO:colcon.colcon_core.shell:Creating package script '/root/robot_demo/src/robot_demo/install/rplidar_ros/share/rplidar_ros/package.zsh'
[6.841s] Level 1:colcon.colcon_core.environment:create_file_with_runtime_dependencies(/root/robot_demo/src/robot_demo/install/rplidar_ros/share/colcon-core/packages/rplidar_ros)
[6.852s] DEBUG:colcon.colcon_parallel_executor.executor.parallel:closing loop
[6.852s] DEBUG:colcon.colcon_parallel_executor.executor.parallel:loop closed
[6.852s] DEBUG:colcon.colcon_parallel_executor.executor.parallel:run_until_complete finished with '2'
[6.852s] DEBUG:colcon.colcon_core.event_reactor:joining thread
[6.904s] INFO:colcon.colcon_core.plugin_system:Skipping extension 'colcon_notification.desktop_notification.notify_send': Could not find 'notify-send'
[6.904s] INFO:colcon.colcon_core.plugin_system:Skipping extension 'colcon_notification.desktop_notification.terminal_notifier': Not used on non-Darwin systems
[6.904s] INFO:colcon.colcon_core.plugin_system:Skipping extension 'colcon_notification.desktop_notification.win32': Not used on non-Windows systems
[6.904s] INFO:colcon.colcon_notification.desktop_notification:Sending desktop notification using 'notify2'
[6.914s] DEBUG:colcon.colcon_notification.desktop_notification.notify2:Failed to initialize notify2: org.freedesktop.DBus.Error.ServiceUnknown: The name org.freedesktop.Notifications was not provided by any .service files
[6.914s] DEBUG:colcon.colcon_core.event_reactor:joined thread
[6.915s] INFO:colcon.colcon_core.shell:Creating prefix script '/root/robot_demo/src/robot_demo/install/local_setup.ps1'
[6.916s] INFO:colcon.colcon_core.shell:Creating prefix util module '/root/robot_demo/src/robot_demo/install/_local_setup_util_ps1.py'
[6.918s] INFO:colcon.colcon_core.shell:Creating prefix chain script '/root/robot_demo/src/robot_demo/install/setup.ps1'
[6.919s] INFO:colcon.colcon_core.shell:Creating prefix script '/root/robot_demo/src/robot_demo/install/local_setup.sh'
[6.920s] INFO:colcon.colcon_core.shell:Creating prefix util module '/root/robot_demo/src/robot_demo/install/_local_setup_util_sh.py'
[6.921s] INFO:colcon.colcon_core.shell:Creating prefix chain script '/root/robot_demo/src/robot_demo/install/setup.sh'
[6.922s] INFO:colcon.colcon_core.shell:Creating prefix script '/root/robot_demo/src/robot_demo/install/local_setup.bash'
[6.923s] INFO:colcon.colcon_core.shell:Creating prefix chain script '/root/robot_demo/src/robot_demo/install/setup.bash'
[6.925s] INFO:colcon.colcon_core.shell:Creating prefix script '/root/robot_demo/src/robot_demo/install/local_setup.zsh'
[6.925s] INFO:colcon.colcon_core.shell:Creating prefix chain script '/root/robot_demo/src/robot_demo/install/setup.zsh'
